<?xml version="1.0" encoding="UTF-8"?>
<testsuite name="Academy Choucair" tests="1" skipped="0" failures="0" errors="0" timestamp="2022-04-12T21:04:29" hostname="OMAR-WPOSS" time="71.036">
  <properties/>
  <testcase name="Registrarse la pagina uTest" classname="Academy Choucair" time="71.036"/>
  <system-out><![CDATA[question: Welcome to the world's largest community of freelance software testers!
passRegister: Welcome to the world's largest community of freelance software testers!
result: true
]]></system-out>
  <system-err><![CDATA[[Test worker] WARN net.thucydides.core.steps.BaseStepListener - stepStarted: net.thucydides.core.steps.ExecutedStepDescription@6dddb9a0
[Test worker] WARN net.thucydides.core.steps.BaseStepListener - stepStarted: net.thucydides.core.steps.ExecutedStepDescription@8a0d7ba
[Test worker] WARN net.thucydides.core.steps.BaseStepListener - stepStarted: net.thucydides.core.steps.ExecutedStepDescription@18b56c0f
abr 12, 2022 4:04:30 PM org.openqa.selenium.remote.DesiredCapabilities chrome
INFORMACIÓN: Using `new ChromeOptions()` is preferred to `DesiredCapabilities.chrome()`
[Test worker] INFO net.serenitybdd.core.webdriver.driverproviders.ProvideNewDriver - Instantiating driver
[Test worker] INFO net.serenitybdd.core.webdriver.driverproviders.ProvideNewDriver - Driver capabilities: Capabilities {acceptInsecureCerts: false, browserName: chrome, chrome.switches: --start-maximized, goog:chromeOptions: {args: [--start-maximized], extensions: []}, loggingPrefs: org.openqa.selenium.logging..., platform: ANY, version: }
Starting ChromeDriver 100.0.4896.60 (6a5d10861ce8de5fce22564658033b43cb7de047-refs/branch-heads/4896@{#875}) on port 13520
Only local connections are allowed.
Please see https://chromedriver.chromium.org/security-considerations for suggestions on keeping ChromeDriver safe.
ChromeDriver was started successfully.
abr 12, 2022 4:04:35 PM org.openqa.selenium.remote.ProtocolHandshake createSession
INFORMACIÓN: Detected dialect: W3C
[Test worker] WARN net.thucydides.core.steps.BaseStepListener - stepFinished: current outcome:Registrarse la pagina uTest:Given Dado que Juan quiere probar su codigo automatizacion abrimos la pagina Utest.com [Juan open up [Juan opens the Utest page]]
[Test worker] WARN net.thucydides.core.steps.BaseStepListener - stepFinished: current outcome:Registrarse la pagina uTest:Given Dado que Juan quiere probar su codigo automatizacion abrimos la pagina Utest.com [Juan open up [Juan opens the Utest page]]
[Test worker] WARN net.thucydides.core.steps.BaseStepListener - stepFinished: current outcome:Registrarse la pagina uTest:Given Dado que Juan quiere probar su codigo automatizacion abrimos la pagina Utest.com [Juan open up [Juan opens the Utest page]]
[Test worker] WARN net.thucydides.core.steps.BaseStepListener - stepStarted: net.thucydides.core.steps.ExecutedStepDescription@1c1765f3
[Test worker] WARN net.thucydides.core.steps.BaseStepListener - stepStarted: net.thucydides.core.steps.ExecutedStepDescription@7419616a
[Test worker] WARN net.thucydides.core.steps.BaseStepListener - stepStarted: net.thucydides.core.steps.ExecutedStepDescription@3a84945
[Test worker] WARN net.thucydides.core.steps.BaseStepListener - stepFinished: current outcome:Registrarse la pagina uTest:Given Dado que Juan quiere probar su codigo automatizacion abrimos la pagina Utest.com [Juan open up [Juan opens the Utest page]], When Cuando abre el formulario registro, se llenan todos los campos
| strFirtsName | strLastName | strEmail | strMoth | strDay | strYear | strCity | strZip | strCountry | strComputer | strVersion | strLanguage | strMobileDevice | strModel | strOperatingSystem | strPassword | strRepassword |
| Juan David | Gutierrez Rodriguez | juanprueba26@gmail.com | May | 29 | 2000 | bogota | 110111 | Colombia | Windows | 11 | spanish | samsung | galaxy s9 | android 10 | Juandavid29 | Juandavid29 | [Juan join today [Juan clicks on Boton para iniciar el registro]]
[Test worker] WARN net.thucydides.core.steps.BaseStepListener - stepStarted: net.thucydides.core.steps.ExecutedStepDescription@4c321129
[Test worker] WARN net.thucydides.core.steps.BaseStepListener - stepFinished: current outcome:Registrarse la pagina uTest:Given Dado que Juan quiere probar su codigo automatizacion abrimos la pagina Utest.com [Juan open up [Juan opens the Utest page]], When Cuando abre el formulario registro, se llenan todos los campos
| strFirtsName | strLastName | strEmail | strMoth | strDay | strYear | strCity | strZip | strCountry | strComputer | strVersion | strLanguage | strMobileDevice | strModel | strOperatingSystem | strPassword | strRepassword |
| Juan David | Gutierrez Rodriguez | juanprueba26@gmail.com | May | 29 | 2000 | bogota | 110111 | Colombia | Windows | 11 | spanish | samsung | galaxy s9 | android 10 | Juandavid29 | Juandavid29 | [Juan join today [Juan clicks on Boton para iniciar el registro, Juan enters 'Juan David' into Campo para diligenciar primer nombre]]
[Test worker] WARN net.thucydides.core.steps.BaseStepListener - stepStarted: net.thucydides.core.steps.ExecutedStepDescription@2f68c34a
[Test worker] WARN net.thucydides.core.steps.BaseStepListener - stepFinished: current outcome:Registrarse la pagina uTest:Given Dado que Juan quiere probar su codigo automatizacion abrimos la pagina Utest.com [Juan open up [Juan opens the Utest page]], When Cuando abre el formulario registro, se llenan todos los campos
| strFirtsName | strLastName | strEmail | strMoth | strDay | strYear | strCity | strZip | strCountry | strComputer | strVersion | strLanguage | strMobileDevice | strModel | strOperatingSystem | strPassword | strRepassword |
| Juan David | Gutierrez Rodriguez | juanprueba26@gmail.com | May | 29 | 2000 | bogota | 110111 | Colombia | Windows | 11 | spanish | samsung | galaxy s9 | android 10 | Juandavid29 | Juandavid29 | [Juan join today [Juan clicks on Boton para iniciar el registro, Juan enters 'Juan David' into Campo para diligenciar primer nombre, Juan enters 'Gutierrez Rodriguez' into Campo para diligenciar apellido]]
[Test worker] WARN net.thucydides.core.steps.BaseStepListener - stepStarted: net.thucydides.core.steps.ExecutedStepDescription@198b09b0
[Test worker] WARN net.thucydides.core.steps.BaseStepListener - stepFinished: current outcome:Registrarse la pagina uTest:Given Dado que Juan quiere probar su codigo automatizacion abrimos la pagina Utest.com [Juan open up [Juan opens the Utest page]], When Cuando abre el formulario registro, se llenan todos los campos
| strFirtsName | strLastName | strEmail | strMoth | strDay | strYear | strCity | strZip | strCountry | strComputer | strVersion | strLanguage | strMobileDevice | strModel | strOperatingSystem | strPassword | strRepassword |
| Juan David | Gutierrez Rodriguez | juanprueba26@gmail.com | May | 29 | 2000 | bogota | 110111 | Colombia | Windows | 11 | spanish | samsung | galaxy s9 | android 10 | Juandavid29 | Juandavid29 | [Juan join today [Juan clicks on Boton para iniciar el registro, Juan enters 'Juan David' into Campo para diligenciar primer nombre, Juan enters 'Gutierrez Rodriguez' into Campo para diligenciar apellido, Juan enters 'juanprueba26@gmail.com' into Campo para diligenciar email]]
[Test worker] WARN net.thucydides.core.steps.BaseStepListener - stepStarted: net.thucydides.core.steps.ExecutedStepDescription@7f514343
[Test worker] WARN net.thucydides.core.steps.BaseStepListener - stepFinished: current outcome:Registrarse la pagina uTest:Given Dado que Juan quiere probar su codigo automatizacion abrimos la pagina Utest.com [Juan open up [Juan opens the Utest page]], When Cuando abre el formulario registro, se llenan todos los campos
| strFirtsName | strLastName | strEmail | strMoth | strDay | strYear | strCity | strZip | strCountry | strComputer | strVersion | strLanguage | strMobileDevice | strModel | strOperatingSystem | strPassword | strRepassword |
| Juan David | Gutierrez Rodriguez | juanprueba26@gmail.com | May | 29 | 2000 | bogota | 110111 | Colombia | Windows | 11 | spanish | samsung | galaxy s9 | android 10 | Juandavid29 | Juandavid29 | [Juan join today [Juan clicks on Boton para iniciar el registro, Juan enters 'Juan David' into Campo para diligenciar primer nombre, Juan enters 'Gutierrez Rodriguez' into Campo para diligenciar apellido, Juan enters 'juanprueba26@gmail.com' into Campo para diligenciar email, Juan select May on Seleccionar el mes]]
[Test worker] WARN net.thucydides.core.steps.BaseStepListener - stepStarted: net.thucydides.core.steps.ExecutedStepDescription@34440851
[Test worker] WARN net.thucydides.core.steps.BaseStepListener - stepFinished: current outcome:Registrarse la pagina uTest:Given Dado que Juan quiere probar su codigo automatizacion abrimos la pagina Utest.com [Juan open up [Juan opens the Utest page]], When Cuando abre el formulario registro, se llenan todos los campos
| strFirtsName | strLastName | strEmail | strMoth | strDay | strYear | strCity | strZip | strCountry | strComputer | strVersion | strLanguage | strMobileDevice | strModel | strOperatingSystem | strPassword | strRepassword |
| Juan David | Gutierrez Rodriguez | juanprueba26@gmail.com | May | 29 | 2000 | bogota | 110111 | Colombia | Windows | 11 | spanish | samsung | galaxy s9 | android 10 | Juandavid29 | Juandavid29 | [Juan join today [Juan clicks on Boton para iniciar el registro, Juan enters 'Juan David' into Campo para diligenciar primer nombre, Juan enters 'Gutierrez Rodriguez' into Campo para diligenciar apellido, Juan enters 'juanprueba26@gmail.com' into Campo para diligenciar email, Juan select May on Seleccionar el mes, Juan select 29 on Seleccionar el dia]]
[Test worker] WARN net.thucydides.core.steps.BaseStepListener - stepStarted: net.thucydides.core.steps.ExecutedStepDescription@69835bfa
[Test worker] WARN net.thucydides.core.steps.BaseStepListener - stepFinished: current outcome:Registrarse la pagina uTest:Given Dado que Juan quiere probar su codigo automatizacion abrimos la pagina Utest.com [Juan open up [Juan opens the Utest page]], When Cuando abre el formulario registro, se llenan todos los campos
| strFirtsName | strLastName | strEmail | strMoth | strDay | strYear | strCity | strZip | strCountry | strComputer | strVersion | strLanguage | strMobileDevice | strModel | strOperatingSystem | strPassword | strRepassword |
| Juan David | Gutierrez Rodriguez | juanprueba26@gmail.com | May | 29 | 2000 | bogota | 110111 | Colombia | Windows | 11 | spanish | samsung | galaxy s9 | android 10 | Juandavid29 | Juandavid29 | [Juan join today [Juan clicks on Boton para iniciar el registro, Juan enters 'Juan David' into Campo para diligenciar primer nombre, Juan enters 'Gutierrez Rodriguez' into Campo para diligenciar apellido, Juan enters 'juanprueba26@gmail.com' into Campo para diligenciar email, Juan select May on Seleccionar el mes, Juan select 29 on Seleccionar el dia, Juan select 2000 on Seleccionar el aÃ±o]]
[Test worker] WARN net.thucydides.core.steps.BaseStepListener - stepStarted: net.thucydides.core.steps.ExecutedStepDescription@5a23874c
[Test worker] WARN net.thucydides.core.steps.BaseStepListener - stepFinished: current outcome:Registrarse la pagina uTest:Given Dado que Juan quiere probar su codigo automatizacion abrimos la pagina Utest.com [Juan open up [Juan opens the Utest page]], When Cuando abre el formulario registro, se llenan todos los campos
| strFirtsName | strLastName | strEmail | strMoth | strDay | strYear | strCity | strZip | strCountry | strComputer | strVersion | strLanguage | strMobileDevice | strModel | strOperatingSystem | strPassword | strRepassword |
| Juan David | Gutierrez Rodriguez | juanprueba26@gmail.com | May | 29 | 2000 | bogota | 110111 | Colombia | Windows | 11 | spanish | samsung | galaxy s9 | android 10 | Juandavid29 | Juandavid29 | [Juan join today [Juan clicks on Boton para iniciar el registro, Juan enters 'Juan David' into Campo para diligenciar primer nombre, Juan enters 'Gutierrez Rodriguez' into Campo para diligenciar apellido, Juan enters 'juanprueba26@gmail.com' into Campo para diligenciar email, Juan select May on Seleccionar el mes, Juan select 29 on Seleccionar el dia, Juan select 2000 on Seleccionar el aÃ±o, Juan clicks on Boton para seguir el registro parte 1]]
[Test worker] WARN net.thucydides.core.steps.BaseStepListener - stepStarted: net.thucydides.core.steps.ExecutedStepDescription@5e2f9bd5
[Test worker] WARN net.thucydides.core.steps.BaseStepListener - stepFinished: current outcome:Registrarse la pagina uTest:Given Dado que Juan quiere probar su codigo automatizacion abrimos la pagina Utest.com [Juan open up [Juan opens the Utest page]], When Cuando abre el formulario registro, se llenan todos los campos
| strFirtsName | strLastName | strEmail | strMoth | strDay | strYear | strCity | strZip | strCountry | strComputer | strVersion | strLanguage | strMobileDevice | strModel | strOperatingSystem | strPassword | strRepassword |
| Juan David | Gutierrez Rodriguez | juanprueba26@gmail.com | May | 29 | 2000 | bogota | 110111 | Colombia | Windows | 11 | spanish | samsung | galaxy s9 | android 10 | Juandavid29 | Juandavid29 | [Juan join today [Juan clicks on Boton para iniciar el registro, Juan enters 'Juan David' into Campo para diligenciar primer nombre, Juan enters 'Gutierrez Rodriguez' into Campo para diligenciar apellido, Juan enters 'juanprueba26@gmail.com' into Campo para diligenciar email, Juan select May on Seleccionar el mes, Juan select 29 on Seleccionar el dia, Juan select 2000 on Seleccionar el aÃ±o, Juan clicks on Boton para seguir el registro parte 1, Juan enters 'bogota' into Campo para diligenciar ciudad]]
[Test worker] WARN net.thucydides.core.steps.BaseStepListener - stepStarted: net.thucydides.core.steps.ExecutedStepDescription@3cca7c89
[Test worker] WARN net.thucydides.core.steps.BaseStepListener - stepFinished: current outcome:Registrarse la pagina uTest:Given Dado que Juan quiere probar su codigo automatizacion abrimos la pagina Utest.com [Juan open up [Juan opens the Utest page]], When Cuando abre el formulario registro, se llenan todos los campos
| strFirtsName | strLastName | strEmail | strMoth | strDay | strYear | strCity | strZip | strCountry | strComputer | strVersion | strLanguage | strMobileDevice | strModel | strOperatingSystem | strPassword | strRepassword |
| Juan David | Gutierrez Rodriguez | juanprueba26@gmail.com | May | 29 | 2000 | bogota | 110111 | Colombia | Windows | 11 | spanish | samsung | galaxy s9 | android 10 | Juandavid29 | Juandavid29 | [Juan join today [Juan clicks on Boton para iniciar el registro, Juan enters 'Juan David' into Campo para diligenciar primer nombre, Juan enters 'Gutierrez Rodriguez' into Campo para diligenciar apellido, Juan enters 'juanprueba26@gmail.com' into Campo para diligenciar email, Juan select May on Seleccionar el mes, Juan select 29 on Seleccionar el dia, Juan select 2000 on Seleccionar el aÃ±o, Juan clicks on Boton para seguir el registro parte 1, Juan enters 'bogota' into Campo para diligenciar ciudad, Juan types 'ARROW_DOWN' in Campo para diligenciar ciudad]]
[Test worker] WARN net.thucydides.core.steps.BaseStepListener - stepStarted: net.thucydides.core.steps.ExecutedStepDescription@799047c4
[Test worker] WARN net.thucydides.core.steps.BaseStepListener - stepFinished: current outcome:Registrarse la pagina uTest:Given Dado que Juan quiere probar su codigo automatizacion abrimos la pagina Utest.com [Juan open up [Juan opens the Utest page]], When Cuando abre el formulario registro, se llenan todos los campos
| strFirtsName | strLastName | strEmail | strMoth | strDay | strYear | strCity | strZip | strCountry | strComputer | strVersion | strLanguage | strMobileDevice | strModel | strOperatingSystem | strPassword | strRepassword |
| Juan David | Gutierrez Rodriguez | juanprueba26@gmail.com | May | 29 | 2000 | bogota | 110111 | Colombia | Windows | 11 | spanish | samsung | galaxy s9 | android 10 | Juandavid29 | Juandavid29 | [Juan join today [Juan clicks on Boton para iniciar el registro, Juan enters 'Juan David' into Campo para diligenciar primer nombre, Juan enters 'Gutierrez Rodriguez' into Campo para diligenciar apellido, Juan enters 'juanprueba26@gmail.com' into Campo para diligenciar email, Juan select May on Seleccionar el mes, Juan select 29 on Seleccionar el dia, Juan select 2000 on Seleccionar el aÃ±o, Juan clicks on Boton para seguir el registro parte 1, Juan enters 'bogota' into Campo para diligenciar ciudad, Juan types 'ARROW_DOWN' in Campo para diligenciar ciudad, Juan enters '110111' into Campo para dilegincar codigo postal]]
[Test worker] WARN net.thucydides.core.steps.BaseStepListener - stepStarted: net.thucydides.core.steps.ExecutedStepDescription@6278f6cd
[Test worker] WARN net.thucydides.core.steps.BaseStepListener - stepFinished: current outcome:Registrarse la pagina uTest:Given Dado que Juan quiere probar su codigo automatizacion abrimos la pagina Utest.com [Juan open up [Juan opens the Utest page]], When Cuando abre el formulario registro, se llenan todos los campos
| strFirtsName | strLastName | strEmail | strMoth | strDay | strYear | strCity | strZip | strCountry | strComputer | strVersion | strLanguage | strMobileDevice | strModel | strOperatingSystem | strPassword | strRepassword |
| Juan David | Gutierrez Rodriguez | juanprueba26@gmail.com | May | 29 | 2000 | bogota | 110111 | Colombia | Windows | 11 | spanish | samsung | galaxy s9 | android 10 | Juandavid29 | Juandavid29 | [Juan join today [Juan clicks on Boton para iniciar el registro, Juan enters 'Juan David' into Campo para diligenciar primer nombre, Juan enters 'Gutierrez Rodriguez' into Campo para diligenciar apellido, Juan enters 'juanprueba26@gmail.com' into Campo para diligenciar email, Juan select May on Seleccionar el mes, Juan select 29 on Seleccionar el dia, Juan select 2000 on Seleccionar el aÃ±o, Juan clicks on Boton para seguir el registro parte 1, Juan enters 'bogota' into Campo para diligenciar ciudad, Juan types 'ARROW_DOWN' in Campo para diligenciar ciudad, Juan enters '110111' into Campo para dilegincar codigo postal, Juan enters '110111' into Campo para dilegincar codigo postal]]
[Test worker] WARN net.thucydides.core.steps.BaseStepListener - stepStarted: net.thucydides.core.steps.ExecutedStepDescription@12444e60
[Test worker] WARN net.thucydides.core.steps.BaseStepListener - stepFinished: current outcome:Registrarse la pagina uTest:Given Dado que Juan quiere probar su codigo automatizacion abrimos la pagina Utest.com [Juan open up [Juan opens the Utest page]], When Cuando abre el formulario registro, se llenan todos los campos
| strFirtsName | strLastName | strEmail | strMoth | strDay | strYear | strCity | strZip | strCountry | strComputer | strVersion | strLanguage | strMobileDevice | strModel | strOperatingSystem | strPassword | strRepassword |
| Juan David | Gutierrez Rodriguez | juanprueba26@gmail.com | May | 29 | 2000 | bogota | 110111 | Colombia | Windows | 11 | spanish | samsung | galaxy s9 | android 10 | Juandavid29 | Juandavid29 | [Juan join today [Juan clicks on Boton para iniciar el registro, Juan enters 'Juan David' into Campo para diligenciar primer nombre, Juan enters 'Gutierrez Rodriguez' into Campo para diligenciar apellido, Juan enters 'juanprueba26@gmail.com' into Campo para diligenciar email, Juan select May on Seleccionar el mes, Juan select 29 on Seleccionar el dia, Juan select 2000 on Seleccionar el aÃ±o, Juan clicks on Boton para seguir el registro parte 1, Juan enters 'bogota' into Campo para diligenciar ciudad, Juan types 'ARROW_DOWN' in Campo para diligenciar ciudad, Juan enters '110111' into Campo para dilegincar codigo postal, Juan enters '110111' into Campo para dilegincar codigo postal, Juan clicks on Seleccionar el pais]]
[Test worker] WARN net.thucydides.core.steps.BaseStepListener - stepStarted: net.thucydides.core.steps.ExecutedStepDescription@5be885c9
[Test worker] WARN net.thucydides.core.steps.BaseStepListener - stepFinished: current outcome:Registrarse la pagina uTest:Given Dado que Juan quiere probar su codigo automatizacion abrimos la pagina Utest.com [Juan open up [Juan opens the Utest page]], When Cuando abre el formulario registro, se llenan todos los campos
| strFirtsName | strLastName | strEmail | strMoth | strDay | strYear | strCity | strZip | strCountry | strComputer | strVersion | strLanguage | strMobileDevice | strModel | strOperatingSystem | strPassword | strRepassword |
| Juan David | Gutierrez Rodriguez | juanprueba26@gmail.com | May | 29 | 2000 | bogota | 110111 | Colombia | Windows | 11 | spanish | samsung | galaxy s9 | android 10 | Juandavid29 | Juandavid29 | [Juan join today [Juan clicks on Boton para iniciar el registro, Juan enters 'Juan David' into Campo para diligenciar primer nombre, Juan enters 'Gutierrez Rodriguez' into Campo para diligenciar apellido, Juan enters 'juanprueba26@gmail.com' into Campo para diligenciar email, Juan select May on Seleccionar el mes, Juan select 29 on Seleccionar el dia, Juan select 2000 on Seleccionar el aÃ±o, Juan clicks on Boton para seguir el registro parte 1, Juan enters 'bogota' into Campo para diligenciar ciudad, Juan types 'ARROW_DOWN' in Campo para diligenciar ciudad, Juan enters '110111' into Campo para dilegincar codigo postal, Juan enters '110111' into Campo para dilegincar codigo postal, Juan clicks on Seleccionar el pais, Juan enters 'Colombia' into Buscar pais]]
[Test worker] WARN net.thucydides.core.steps.BaseStepListener - stepStarted: net.thucydides.core.steps.ExecutedStepDescription@61bcac6b
[Test worker] WARN net.thucydides.core.steps.BaseStepListener - stepFinished: current outcome:Registrarse la pagina uTest:Given Dado que Juan quiere probar su codigo automatizacion abrimos la pagina Utest.com [Juan open up [Juan opens the Utest page]], When Cuando abre el formulario registro, se llenan todos los campos
| strFirtsName | strLastName | strEmail | strMoth | strDay | strYear | strCity | strZip | strCountry | strComputer | strVersion | strLanguage | strMobileDevice | strModel | strOperatingSystem | strPassword | strRepassword |
| Juan David | Gutierrez Rodriguez | juanprueba26@gmail.com | May | 29 | 2000 | bogota | 110111 | Colombia | Windows | 11 | spanish | samsung | galaxy s9 | android 10 | Juandavid29 | Juandavid29 | [Juan join today [Juan clicks on Boton para iniciar el registro, Juan enters 'Juan David' into Campo para diligenciar primer nombre, Juan enters 'Gutierrez Rodriguez' into Campo para diligenciar apellido, Juan enters 'juanprueba26@gmail.com' into Campo para diligenciar email, Juan select May on Seleccionar el mes, Juan select 29 on Seleccionar el dia, Juan select 2000 on Seleccionar el aÃ±o, Juan clicks on Boton para seguir el registro parte 1, Juan enters 'bogota' into Campo para diligenciar ciudad, Juan types 'ARROW_DOWN' in Campo para diligenciar ciudad, Juan enters '110111' into Campo para dilegincar codigo postal, Juan enters '110111' into Campo para dilegincar codigo postal, Juan clicks on Seleccionar el pais, Juan enters 'Colombia' into Buscar pais, Juan types 'ARROW_UP' in Buscar pais]]
[Test worker] WARN net.thucydides.core.steps.BaseStepListener - stepStarted: net.thucydides.core.steps.ExecutedStepDescription@4cbea113
[Test worker] WARN net.thucydides.core.steps.BaseStepListener - stepFinished: current outcome:Registrarse la pagina uTest:Given Dado que Juan quiere probar su codigo automatizacion abrimos la pagina Utest.com [Juan open up [Juan opens the Utest page]], When Cuando abre el formulario registro, se llenan todos los campos
| strFirtsName | strLastName | strEmail | strMoth | strDay | strYear | strCity | strZip | strCountry | strComputer | strVersion | strLanguage | strMobileDevice | strModel | strOperatingSystem | strPassword | strRepassword |
| Juan David | Gutierrez Rodriguez | juanprueba26@gmail.com | May | 29 | 2000 | bogota | 110111 | Colombia | Windows | 11 | spanish | samsung | galaxy s9 | android 10 | Juandavid29 | Juandavid29 | [Juan join today [Juan clicks on Boton para iniciar el registro, Juan enters 'Juan David' into Campo para diligenciar primer nombre, Juan enters 'Gutierrez Rodriguez' into Campo para diligenciar apellido, Juan enters 'juanprueba26@gmail.com' into Campo para diligenciar email, Juan select May on Seleccionar el mes, Juan select 29 on Seleccionar el dia, Juan select 2000 on Seleccionar el aÃ±o, Juan clicks on Boton para seguir el registro parte 1, Juan enters 'bogota' into Campo para diligenciar ciudad, Juan types 'ARROW_DOWN' in Campo para diligenciar ciudad, Juan enters '110111' into Campo para dilegincar codigo postal, Juan enters '110111' into Campo para dilegincar codigo postal, Juan clicks on Seleccionar el pais, Juan enters 'Colombia' into Buscar pais, Juan types 'ARROW_UP' in Buscar pais, Juan clicks on Boton para seguir registro parte 2]]
[Test worker] WARN net.thucydides.core.steps.BaseStepListener - stepStarted: net.thucydides.core.steps.ExecutedStepDescription@4f6b41c0
[Test worker] WARN net.thucydides.core.steps.BaseStepListener - stepFinished: current outcome:Registrarse la pagina uTest:Given Dado que Juan quiere probar su codigo automatizacion abrimos la pagina Utest.com [Juan open up [Juan opens the Utest page]], When Cuando abre el formulario registro, se llenan todos los campos
| strFirtsName | strLastName | strEmail | strMoth | strDay | strYear | strCity | strZip | strCountry | strComputer | strVersion | strLanguage | strMobileDevice | strModel | strOperatingSystem | strPassword | strRepassword |
| Juan David | Gutierrez Rodriguez | juanprueba26@gmail.com | May | 29 | 2000 | bogota | 110111 | Colombia | Windows | 11 | spanish | samsung | galaxy s9 | android 10 | Juandavid29 | Juandavid29 | [Juan join today [Juan clicks on Boton para iniciar el registro, Juan enters 'Juan David' into Campo para diligenciar primer nombre, Juan enters 'Gutierrez Rodriguez' into Campo para diligenciar apellido, Juan enters 'juanprueba26@gmail.com' into Campo para diligenciar email, Juan select May on Seleccionar el mes, Juan select 29 on Seleccionar el dia, Juan select 2000 on Seleccionar el aÃ±o, Juan clicks on Boton para seguir el registro parte 1, Juan enters 'bogota' into Campo para diligenciar ciudad, Juan types 'ARROW_DOWN' in Campo para diligenciar ciudad, Juan enters '110111' into Campo para dilegincar codigo postal, Juan enters '110111' into Campo para dilegincar codigo postal, Juan clicks on Seleccionar el pais, Juan enters 'Colombia' into Buscar pais, Juan types 'ARROW_UP' in Buscar pais, Juan clicks on Boton para seguir registro parte 2, Juan clicks on Seleccionar el computador]]
[Test worker] WARN net.thucydides.core.steps.BaseStepListener - stepStarted: net.thucydides.core.steps.ExecutedStepDescription@16327c02
[Test worker] WARN net.thucydides.core.steps.BaseStepListener - stepFinished: current outcome:Registrarse la pagina uTest:Given Dado que Juan quiere probar su codigo automatizacion abrimos la pagina Utest.com [Juan open up [Juan opens the Utest page]], When Cuando abre el formulario registro, se llenan todos los campos
| strFirtsName | strLastName | strEmail | strMoth | strDay | strYear | strCity | strZip | strCountry | strComputer | strVersion | strLanguage | strMobileDevice | strModel | strOperatingSystem | strPassword | strRepassword |
| Juan David | Gutierrez Rodriguez | juanprueba26@gmail.com | May | 29 | 2000 | bogota | 110111 | Colombia | Windows | 11 | spanish | samsung | galaxy s9 | android 10 | Juandavid29 | Juandavid29 | [Juan join today [Juan clicks on Boton para iniciar el registro, Juan enters 'Juan David' into Campo para diligenciar primer nombre, Juan enters 'Gutierrez Rodriguez' into Campo para diligenciar apellido, Juan enters 'juanprueba26@gmail.com' into Campo para diligenciar email, Juan select May on Seleccionar el mes, Juan select 29 on Seleccionar el dia, Juan select 2000 on Seleccionar el aÃ±o, Juan clicks on Boton para seguir el registro parte 1, Juan enters 'bogota' into Campo para diligenciar ciudad, Juan types 'ARROW_DOWN' in Campo para diligenciar ciudad, Juan enters '110111' into Campo para dilegincar codigo postal, Juan enters '110111' into Campo para dilegincar codigo postal, Juan clicks on Seleccionar el pais, Juan enters 'Colombia' into Buscar pais, Juan types 'ARROW_UP' in Buscar pais, Juan clicks on Boton para seguir registro parte 2, Juan clicks on Seleccionar el computador, Juan enters 'Windows' into Busca el computador]]
[Test worker] WARN net.thucydides.core.steps.BaseStepListener - stepStarted: net.thucydides.core.steps.ExecutedStepDescription@28de14dc
[Test worker] WARN net.thucydides.core.steps.BaseStepListener - stepFinished: current outcome:Registrarse la pagina uTest:Given Dado que Juan quiere probar su codigo automatizacion abrimos la pagina Utest.com [Juan open up [Juan opens the Utest page]], When Cuando abre el formulario registro, se llenan todos los campos
| strFirtsName | strLastName | strEmail | strMoth | strDay | strYear | strCity | strZip | strCountry | strComputer | strVersion | strLanguage | strMobileDevice | strModel | strOperatingSystem | strPassword | strRepassword |
| Juan David | Gutierrez Rodriguez | juanprueba26@gmail.com | May | 29 | 2000 | bogota | 110111 | Colombia | Windows | 11 | spanish | samsung | galaxy s9 | android 10 | Juandavid29 | Juandavid29 | [Juan join today [Juan clicks on Boton para iniciar el registro, Juan enters 'Juan David' into Campo para diligenciar primer nombre, Juan enters 'Gutierrez Rodriguez' into Campo para diligenciar apellido, Juan enters 'juanprueba26@gmail.com' into Campo para diligenciar email, Juan select May on Seleccionar el mes, Juan select 29 on Seleccionar el dia, Juan select 2000 on Seleccionar el aÃ±o, Juan clicks on Boton para seguir el registro parte 1, Juan enters 'bogota' into Campo para diligenciar ciudad, Juan types 'ARROW_DOWN' in Campo para diligenciar ciudad, Juan enters '110111' into Campo para dilegincar codigo postal, Juan enters '110111' into Campo para dilegincar codigo postal, Juan clicks on Seleccionar el pais, Juan enters 'Colombia' into Buscar pais, Juan types 'ARROW_UP' in Buscar pais, Juan clicks on Boton para seguir registro parte 2, Juan clicks on Seleccionar el computador, Juan enters 'Windows' into Busca el computador, Juan types 'ENTER' in Busca el computador]]
[Test worker] WARN net.thucydides.core.steps.BaseStepListener - stepStarted: net.thucydides.core.steps.ExecutedStepDescription@39edceab
[Test worker] WARN net.thucydides.core.steps.BaseStepListener - stepFinished: current outcome:Registrarse la pagina uTest:Given Dado que Juan quiere probar su codigo automatizacion abrimos la pagina Utest.com [Juan open up [Juan opens the Utest page]], When Cuando abre el formulario registro, se llenan todos los campos
| strFirtsName | strLastName | strEmail | strMoth | strDay | strYear | strCity | strZip | strCountry | strComputer | strVersion | strLanguage | strMobileDevice | strModel | strOperatingSystem | strPassword | strRepassword |
| Juan David | Gutierrez Rodriguez | juanprueba26@gmail.com | May | 29 | 2000 | bogota | 110111 | Colombia | Windows | 11 | spanish | samsung | galaxy s9 | android 10 | Juandavid29 | Juandavid29 | [Juan join today [Juan clicks on Boton para iniciar el registro, Juan enters 'Juan David' into Campo para diligenciar primer nombre, Juan enters 'Gutierrez Rodriguez' into Campo para diligenciar apellido, Juan enters 'juanprueba26@gmail.com' into Campo para diligenciar email, Juan select May on Seleccionar el mes, Juan select 29 on Seleccionar el dia, Juan select 2000 on Seleccionar el aÃ±o, Juan clicks on Boton para seguir el registro parte 1, Juan enters 'bogota' into Campo para diligenciar ciudad, Juan types 'ARROW_DOWN' in Campo para diligenciar ciudad, Juan enters '110111' into Campo para dilegincar codigo postal, Juan enters '110111' into Campo para dilegincar codigo postal, Juan clicks on Seleccionar el pais, Juan enters 'Colombia' into Buscar pais, Juan types 'ARROW_UP' in Buscar pais, Juan clicks on Boton para seguir registro parte 2, Juan clicks on Seleccionar el computador, Juan enters 'Windows' into Busca el computador, Juan types 'ENTER' in Busca el computador, Juan clicks on Seleccion la version]]
[Test worker] WARN net.thucydides.core.steps.BaseStepListener - stepStarted: net.thucydides.core.steps.ExecutedStepDescription@23a2e5e
[Test worker] WARN net.thucydides.core.steps.BaseStepListener - stepFinished: current outcome:Registrarse la pagina uTest:Given Dado que Juan quiere probar su codigo automatizacion abrimos la pagina Utest.com [Juan open up [Juan opens the Utest page]], When Cuando abre el formulario registro, se llenan todos los campos
| strFirtsName | strLastName | strEmail | strMoth | strDay | strYear | strCity | strZip | strCountry | strComputer | strVersion | strLanguage | strMobileDevice | strModel | strOperatingSystem | strPassword | strRepassword |
| Juan David | Gutierrez Rodriguez | juanprueba26@gmail.com | May | 29 | 2000 | bogota | 110111 | Colombia | Windows | 11 | spanish | samsung | galaxy s9 | android 10 | Juandavid29 | Juandavid29 | [Juan join today [Juan clicks on Boton para iniciar el registro, Juan enters 'Juan David' into Campo para diligenciar primer nombre, Juan enters 'Gutierrez Rodriguez' into Campo para diligenciar apellido, Juan enters 'juanprueba26@gmail.com' into Campo para diligenciar email, Juan select May on Seleccionar el mes, Juan select 29 on Seleccionar el dia, Juan select 2000 on Seleccionar el aÃ±o, Juan clicks on Boton para seguir el registro parte 1, Juan enters 'bogota' into Campo para diligenciar ciudad, Juan types 'ARROW_DOWN' in Campo para diligenciar ciudad, Juan enters '110111' into Campo para dilegincar codigo postal, Juan enters '110111' into Campo para dilegincar codigo postal, Juan clicks on Seleccionar el pais, Juan enters 'Colombia' into Buscar pais, Juan types 'ARROW_UP' in Buscar pais, Juan clicks on Boton para seguir registro parte 2, Juan clicks on Seleccionar el computador, Juan enters 'Windows' into Busca el computador, Juan types 'ENTER' in Busca el computador, Juan clicks on Seleccion la version, Juan enters '11' into Busca la version]]
[Test worker] WARN net.thucydides.core.steps.BaseStepListener - stepStarted: net.thucydides.core.steps.ExecutedStepDescription@582685c5
[Test worker] WARN net.thucydides.core.steps.BaseStepListener - stepFinished: current outcome:Registrarse la pagina uTest:Given Dado que Juan quiere probar su codigo automatizacion abrimos la pagina Utest.com [Juan open up [Juan opens the Utest page]], When Cuando abre el formulario registro, se llenan todos los campos
| strFirtsName | strLastName | strEmail | strMoth | strDay | strYear | strCity | strZip | strCountry | strComputer | strVersion | strLanguage | strMobileDevice | strModel | strOperatingSystem | strPassword | strRepassword |
| Juan David | Gutierrez Rodriguez | juanprueba26@gmail.com | May | 29 | 2000 | bogota | 110111 | Colombia | Windows | 11 | spanish | samsung | galaxy s9 | android 10 | Juandavid29 | Juandavid29 | [Juan join today [Juan clicks on Boton para iniciar el registro, Juan enters 'Juan David' into Campo para diligenciar primer nombre, Juan enters 'Gutierrez Rodriguez' into Campo para diligenciar apellido, Juan enters 'juanprueba26@gmail.com' into Campo para diligenciar email, Juan select May on Seleccionar el mes, Juan select 29 on Seleccionar el dia, Juan select 2000 on Seleccionar el aÃ±o, Juan clicks on Boton para seguir el registro parte 1, Juan enters 'bogota' into Campo para diligenciar ciudad, Juan types 'ARROW_DOWN' in Campo para diligenciar ciudad, Juan enters '110111' into Campo para dilegincar codigo postal, Juan enters '110111' into Campo para dilegincar codigo postal, Juan clicks on Seleccionar el pais, Juan enters 'Colombia' into Buscar pais, Juan types 'ARROW_UP' in Buscar pais, Juan clicks on Boton para seguir registro parte 2, Juan clicks on Seleccionar el computador, Juan enters 'Windows' into Busca el computador, Juan types 'ENTER' in Busca el computador, Juan clicks on Seleccion la version, Juan enters '11' into Busca la version, Juan types 'ENTER' in Busca la version]]
[Test worker] WARN net.thucydides.core.steps.BaseStepListener - stepStarted: net.thucydides.core.steps.ExecutedStepDescription@7287139c
[Test worker] WARN net.thucydides.core.steps.BaseStepListener - stepFinished: current outcome:Registrarse la pagina uTest:Given Dado que Juan quiere probar su codigo automatizacion abrimos la pagina Utest.com [Juan open up [Juan opens the Utest page]], When Cuando abre el formulario registro, se llenan todos los campos
| strFirtsName | strLastName | strEmail | strMoth | strDay | strYear | strCity | strZip | strCountry | strComputer | strVersion | strLanguage | strMobileDevice | strModel | strOperatingSystem | strPassword | strRepassword |
| Juan David | Gutierrez Rodriguez | juanprueba26@gmail.com | May | 29 | 2000 | bogota | 110111 | Colombia | Windows | 11 | spanish | samsung | galaxy s9 | android 10 | Juandavid29 | Juandavid29 | [Juan join today [Juan clicks on Boton para iniciar el registro, Juan enters 'Juan David' into Campo para diligenciar primer nombre, Juan enters 'Gutierrez Rodriguez' into Campo para diligenciar apellido, Juan enters 'juanprueba26@gmail.com' into Campo para diligenciar email, Juan select May on Seleccionar el mes, Juan select 29 on Seleccionar el dia, Juan select 2000 on Seleccionar el aÃ±o, Juan clicks on Boton para seguir el registro parte 1, Juan enters 'bogota' into Campo para diligenciar ciudad, Juan types 'ARROW_DOWN' in Campo para diligenciar ciudad, Juan enters '110111' into Campo para dilegincar codigo postal, Juan enters '110111' into Campo para dilegincar codigo postal, Juan clicks on Seleccionar el pais, Juan enters 'Colombia' into Buscar pais, Juan types 'ARROW_UP' in Buscar pais, Juan clicks on Boton para seguir registro parte 2, Juan clicks on Seleccionar el computador, Juan enters 'Windows' into Busca el computador, Juan types 'ENTER' in Busca el computador, Juan clicks on Seleccion la version, Juan enters '11' into Busca la version, Juan types 'ENTER' in Busca la version, Juan clicks on Selecciona lenguaje]]
[Test worker] WARN net.thucydides.core.steps.BaseStepListener - stepStarted: net.thucydides.core.steps.ExecutedStepDescription@675658e6
[Test worker] WARN net.thucydides.core.steps.BaseStepListener - stepFinished: current outcome:Registrarse la pagina uTest:Given Dado que Juan quiere probar su codigo automatizacion abrimos la pagina Utest.com [Juan open up [Juan opens the Utest page]], When Cuando abre el formulario registro, se llenan todos los campos
| strFirtsName | strLastName | strEmail | strMoth | strDay | strYear | strCity | strZip | strCountry | strComputer | strVersion | strLanguage | strMobileDevice | strModel | strOperatingSystem | strPassword | strRepassword |
| Juan David | Gutierrez Rodriguez | juanprueba26@gmail.com | May | 29 | 2000 | bogota | 110111 | Colombia | Windows | 11 | spanish | samsung | galaxy s9 | android 10 | Juandavid29 | Juandavid29 | [Juan join today [Juan clicks on Boton para iniciar el registro, Juan enters 'Juan David' into Campo para diligenciar primer nombre, Juan enters 'Gutierrez Rodriguez' into Campo para diligenciar apellido, Juan enters 'juanprueba26@gmail.com' into Campo para diligenciar email, Juan select May on Seleccionar el mes, Juan select 29 on Seleccionar el dia, Juan select 2000 on Seleccionar el aÃ±o, Juan clicks on Boton para seguir el registro parte 1, Juan enters 'bogota' into Campo para diligenciar ciudad, Juan types 'ARROW_DOWN' in Campo para diligenciar ciudad, Juan enters '110111' into Campo para dilegincar codigo postal, Juan enters '110111' into Campo para dilegincar codigo postal, Juan clicks on Seleccionar el pais, Juan enters 'Colombia' into Buscar pais, Juan types 'ARROW_UP' in Buscar pais, Juan clicks on Boton para seguir registro parte 2, Juan clicks on Seleccionar el computador, Juan enters 'Windows' into Busca el computador, Juan types 'ENTER' in Busca el computador, Juan clicks on Seleccion la version, Juan enters '11' into Busca la version, Juan types 'ENTER' in Busca la version, Juan clicks on Selecciona lenguaje, Juan enters 'spanish' into Busca lenguaje]]
[Test worker] WARN net.thucydides.core.steps.BaseStepListener - stepStarted: net.thucydides.core.steps.ExecutedStepDescription@9df89e9
[Test worker] WARN net.thucydides.core.steps.BaseStepListener - stepFinished: current outcome:Registrarse la pagina uTest:Given Dado que Juan quiere probar su codigo automatizacion abrimos la pagina Utest.com [Juan open up [Juan opens the Utest page]], When Cuando abre el formulario registro, se llenan todos los campos
| strFirtsName | strLastName | strEmail | strMoth | strDay | strYear | strCity | strZip | strCountry | strComputer | strVersion | strLanguage | strMobileDevice | strModel | strOperatingSystem | strPassword | strRepassword |
| Juan David | Gutierrez Rodriguez | juanprueba26@gmail.com | May | 29 | 2000 | bogota | 110111 | Colombia | Windows | 11 | spanish | samsung | galaxy s9 | android 10 | Juandavid29 | Juandavid29 | [Juan join today [Juan clicks on Boton para iniciar el registro, Juan enters 'Juan David' into Campo para diligenciar primer nombre, Juan enters 'Gutierrez Rodriguez' into Campo para diligenciar apellido, Juan enters 'juanprueba26@gmail.com' into Campo para diligenciar email, Juan select May on Seleccionar el mes, Juan select 29 on Seleccionar el dia, Juan select 2000 on Seleccionar el aÃ±o, Juan clicks on Boton para seguir el registro parte 1, Juan enters 'bogota' into Campo para diligenciar ciudad, Juan types 'ARROW_DOWN' in Campo para diligenciar ciudad, Juan enters '110111' into Campo para dilegincar codigo postal, Juan enters '110111' into Campo para dilegincar codigo postal, Juan clicks on Seleccionar el pais, Juan enters 'Colombia' into Buscar pais, Juan types 'ARROW_UP' in Buscar pais, Juan clicks on Boton para seguir registro parte 2, Juan clicks on Seleccionar el computador, Juan enters 'Windows' into Busca el computador, Juan types 'ENTER' in Busca el computador, Juan clicks on Seleccion la version, Juan enters '11' into Busca la version, Juan types 'ENTER' in Busca la version, Juan clicks on Selecciona lenguaje, Juan enters 'spanish' into Busca lenguaje, Juan types 'ENTER' in Busca lenguaje]]
[Test worker] WARN net.thucydides.core.steps.BaseStepListener - stepStarted: net.thucydides.core.steps.ExecutedStepDescription@5f4effc9
[Test worker] WARN net.thucydides.core.steps.BaseStepListener - stepFinished: current outcome:Registrarse la pagina uTest:Given Dado que Juan quiere probar su codigo automatizacion abrimos la pagina Utest.com [Juan open up [Juan opens the Utest page]], When Cuando abre el formulario registro, se llenan todos los campos
| strFirtsName | strLastName | strEmail | strMoth | strDay | strYear | strCity | strZip | strCountry | strComputer | strVersion | strLanguage | strMobileDevice | strModel | strOperatingSystem | strPassword | strRepassword |
| Juan David | Gutierrez Rodriguez | juanprueba26@gmail.com | May | 29 | 2000 | bogota | 110111 | Colombia | Windows | 11 | spanish | samsung | galaxy s9 | android 10 | Juandavid29 | Juandavid29 | [Juan join today [Juan clicks on Boton para iniciar el registro, Juan enters 'Juan David' into Campo para diligenciar primer nombre, Juan enters 'Gutierrez Rodriguez' into Campo para diligenciar apellido, Juan enters 'juanprueba26@gmail.com' into Campo para diligenciar email, Juan select May on Seleccionar el mes, Juan select 29 on Seleccionar el dia, Juan select 2000 on Seleccionar el aÃ±o, Juan clicks on Boton para seguir el registro parte 1, Juan enters 'bogota' into Campo para diligenciar ciudad, Juan types 'ARROW_DOWN' in Campo para diligenciar ciudad, Juan enters '110111' into Campo para dilegincar codigo postal, Juan enters '110111' into Campo para dilegincar codigo postal, Juan clicks on Seleccionar el pais, Juan enters 'Colombia' into Buscar pais, Juan types 'ARROW_UP' in Buscar pais, Juan clicks on Boton para seguir registro parte 2, Juan clicks on Seleccionar el computador, Juan enters 'Windows' into Busca el computador, Juan types 'ENTER' in Busca el computador, Juan clicks on Seleccion la version, Juan enters '11' into Busca la version, Juan types 'ENTER' in Busca la version, Juan clicks on Selecciona lenguaje, Juan enters 'spanish' into Busca lenguaje, Juan types 'ENTER' in Busca lenguaje, Juan clicks on Selecciona dispositivo]]
[Test worker] WARN net.thucydides.core.steps.BaseStepListener - stepStarted: net.thucydides.core.steps.ExecutedStepDescription@3c87689d
[Test worker] WARN net.thucydides.core.steps.BaseStepListener - stepFinished: current outcome:Registrarse la pagina uTest:Given Dado que Juan quiere probar su codigo automatizacion abrimos la pagina Utest.com [Juan open up [Juan opens the Utest page]], When Cuando abre el formulario registro, se llenan todos los campos
| strFirtsName | strLastName | strEmail | strMoth | strDay | strYear | strCity | strZip | strCountry | strComputer | strVersion | strLanguage | strMobileDevice | strModel | strOperatingSystem | strPassword | strRepassword |
| Juan David | Gutierrez Rodriguez | juanprueba26@gmail.com | May | 29 | 2000 | bogota | 110111 | Colombia | Windows | 11 | spanish | samsung | galaxy s9 | android 10 | Juandavid29 | Juandavid29 | [Juan join today [Juan clicks on Boton para iniciar el registro, Juan enters 'Juan David' into Campo para diligenciar primer nombre, Juan enters 'Gutierrez Rodriguez' into Campo para diligenciar apellido, Juan enters 'juanprueba26@gmail.com' into Campo para diligenciar email, Juan select May on Seleccionar el mes, Juan select 29 on Seleccionar el dia, Juan select 2000 on Seleccionar el aÃ±o, Juan clicks on Boton para seguir el registro parte 1, Juan enters 'bogota' into Campo para diligenciar ciudad, Juan types 'ARROW_DOWN' in Campo para diligenciar ciudad, Juan enters '110111' into Campo para dilegincar codigo postal, Juan enters '110111' into Campo para dilegincar codigo postal, Juan clicks on Seleccionar el pais, Juan enters 'Colombia' into Buscar pais, Juan types 'ARROW_UP' in Buscar pais, Juan clicks on Boton para seguir registro parte 2, Juan clicks on Seleccionar el computador, Juan enters 'Windows' into Busca el computador, Juan types 'ENTER' in Busca el computador, Juan clicks on Seleccion la version, Juan enters '11' into Busca la version, Juan types 'ENTER' in Busca la version, Juan clicks on Selecciona lenguaje, Juan enters 'spanish' into Busca lenguaje, Juan types 'ENTER' in Busca lenguaje, Juan clicks on Selecciona dispositivo, Juan enters 'samsung' into Busca dispositivo]]
[Test worker] WARN net.thucydides.core.steps.BaseStepListener - stepStarted: net.thucydides.core.steps.ExecutedStepDescription@d4c5c6c
[Test worker] WARN net.thucydides.core.steps.BaseStepListener - stepFinished: current outcome:Registrarse la pagina uTest:Given Dado que Juan quiere probar su codigo automatizacion abrimos la pagina Utest.com [Juan open up [Juan opens the Utest page]], When Cuando abre el formulario registro, se llenan todos los campos
| strFirtsName | strLastName | strEmail | strMoth | strDay | strYear | strCity | strZip | strCountry | strComputer | strVersion | strLanguage | strMobileDevice | strModel | strOperatingSystem | strPassword | strRepassword |
| Juan David | Gutierrez Rodriguez | juanprueba26@gmail.com | May | 29 | 2000 | bogota | 110111 | Colombia | Windows | 11 | spanish | samsung | galaxy s9 | android 10 | Juandavid29 | Juandavid29 | [Juan join today [Juan clicks on Boton para iniciar el registro, Juan enters 'Juan David' into Campo para diligenciar primer nombre, Juan enters 'Gutierrez Rodriguez' into Campo para diligenciar apellido, Juan enters 'juanprueba26@gmail.com' into Campo para diligenciar email, Juan select May on Seleccionar el mes, Juan select 29 on Seleccionar el dia, Juan select 2000 on Seleccionar el aÃ±o, Juan clicks on Boton para seguir el registro parte 1, Juan enters 'bogota' into Campo para diligenciar ciudad, Juan types 'ARROW_DOWN' in Campo para diligenciar ciudad, Juan enters '110111' into Campo para dilegincar codigo postal, Juan enters '110111' into Campo para dilegincar codigo postal, Juan clicks on Seleccionar el pais, Juan enters 'Colombia' into Buscar pais, Juan types 'ARROW_UP' in Buscar pais, Juan clicks on Boton para seguir registro parte 2, Juan clicks on Seleccionar el computador, Juan enters 'Windows' into Busca el computador, Juan types 'ENTER' in Busca el computador, Juan clicks on Seleccion la version, Juan enters '11' into Busca la version, Juan types 'ENTER' in Busca la version, Juan clicks on Selecciona lenguaje, Juan enters 'spanish' into Busca lenguaje, Juan types 'ENTER' in Busca lenguaje, Juan clicks on Selecciona dispositivo, Juan enters 'samsung' into Busca dispositivo, Juan types 'ENTER' in Busca dispositivo]]
[Test worker] WARN net.thucydides.core.steps.BaseStepListener - stepStarted: net.thucydides.core.steps.ExecutedStepDescription@1e822baf
[Test worker] WARN net.thucydides.core.steps.BaseStepListener - stepFinished: current outcome:Registrarse la pagina uTest:Given Dado que Juan quiere probar su codigo automatizacion abrimos la pagina Utest.com [Juan open up [Juan opens the Utest page]], When Cuando abre el formulario registro, se llenan todos los campos
| strFirtsName | strLastName | strEmail | strMoth | strDay | strYear | strCity | strZip | strCountry | strComputer | strVersion | strLanguage | strMobileDevice | strModel | strOperatingSystem | strPassword | strRepassword |
| Juan David | Gutierrez Rodriguez | juanprueba26@gmail.com | May | 29 | 2000 | bogota | 110111 | Colombia | Windows | 11 | spanish | samsung | galaxy s9 | android 10 | Juandavid29 | Juandavid29 | [Juan join today [Juan clicks on Boton para iniciar el registro, Juan enters 'Juan David' into Campo para diligenciar primer nombre, Juan enters 'Gutierrez Rodriguez' into Campo para diligenciar apellido, Juan enters 'juanprueba26@gmail.com' into Campo para diligenciar email, Juan select May on Seleccionar el mes, Juan select 29 on Seleccionar el dia, Juan select 2000 on Seleccionar el aÃ±o, Juan clicks on Boton para seguir el registro parte 1, Juan enters 'bogota' into Campo para diligenciar ciudad, Juan types 'ARROW_DOWN' in Campo para diligenciar ciudad, Juan enters '110111' into Campo para dilegincar codigo postal, Juan enters '110111' into Campo para dilegincar codigo postal, Juan clicks on Seleccionar el pais, Juan enters 'Colombia' into Buscar pais, Juan types 'ARROW_UP' in Buscar pais, Juan clicks on Boton para seguir registro parte 2, Juan clicks on Seleccionar el computador, Juan enters 'Windows' into Busca el computador, Juan types 'ENTER' in Busca el computador, Juan clicks on Seleccion la version, Juan enters '11' into Busca la version, Juan types 'ENTER' in Busca la version, Juan clicks on Selecciona lenguaje, Juan enters 'spanish' into Busca lenguaje, Juan types 'ENTER' in Busca lenguaje, Juan clicks on Selecciona dispositivo, Juan enters 'samsung' into Busca dispositivo, Juan types 'ENTER' in Busca dispositivo, Juan clicks on Selecciona modelo]]
[Test worker] WARN net.thucydides.core.steps.BaseStepListener - stepStarted: net.thucydides.core.steps.ExecutedStepDescription@61120651
[Test worker] WARN net.thucydides.core.steps.BaseStepListener - stepFinished: current outcome:Registrarse la pagina uTest:Given Dado que Juan quiere probar su codigo automatizacion abrimos la pagina Utest.com [Juan open up [Juan opens the Utest page]], When Cuando abre el formulario registro, se llenan todos los campos
| strFirtsName | strLastName | strEmail | strMoth | strDay | strYear | strCity | strZip | strCountry | strComputer | strVersion | strLanguage | strMobileDevice | strModel | strOperatingSystem | strPassword | strRepassword |
| Juan David | Gutierrez Rodriguez | juanprueba26@gmail.com | May | 29 | 2000 | bogota | 110111 | Colombia | Windows | 11 | spanish | samsung | galaxy s9 | android 10 | Juandavid29 | Juandavid29 | [Juan join today [Juan clicks on Boton para iniciar el registro, Juan enters 'Juan David' into Campo para diligenciar primer nombre, Juan enters 'Gutierrez Rodriguez' into Campo para diligenciar apellido, Juan enters 'juanprueba26@gmail.com' into Campo para diligenciar email, Juan select May on Seleccionar el mes, Juan select 29 on Seleccionar el dia, Juan select 2000 on Seleccionar el aÃ±o, Juan clicks on Boton para seguir el registro parte 1, Juan enters 'bogota' into Campo para diligenciar ciudad, Juan types 'ARROW_DOWN' in Campo para diligenciar ciudad, Juan enters '110111' into Campo para dilegincar codigo postal, Juan enters '110111' into Campo para dilegincar codigo postal, Juan clicks on Seleccionar el pais, Juan enters 'Colombia' into Buscar pais, Juan types 'ARROW_UP' in Buscar pais, Juan clicks on Boton para seguir registro parte 2, Juan clicks on Seleccionar el computador, Juan enters 'Windows' into Busca el computador, Juan types 'ENTER' in Busca el computador, Juan clicks on Seleccion la version, Juan enters '11' into Busca la version, Juan types 'ENTER' in Busca la version, Juan clicks on Selecciona lenguaje, Juan enters 'spanish' into Busca lenguaje, Juan types 'ENTER' in Busca lenguaje, Juan clicks on Selecciona dispositivo, Juan enters 'samsung' into Busca dispositivo, Juan types 'ENTER' in Busca dispositivo, Juan clicks on Selecciona modelo, Juan enters 'galaxy s9' into Busca el modelo]]
[Test worker] WARN net.thucydides.core.steps.BaseStepListener - stepStarted: net.thucydides.core.steps.ExecutedStepDescription@2eda5fe9
[Test worker] WARN net.thucydides.core.steps.BaseStepListener - stepFinished: current outcome:Registrarse la pagina uTest:Given Dado que Juan quiere probar su codigo automatizacion abrimos la pagina Utest.com [Juan open up [Juan opens the Utest page]], When Cuando abre el formulario registro, se llenan todos los campos
| strFirtsName | strLastName | strEmail | strMoth | strDay | strYear | strCity | strZip | strCountry | strComputer | strVersion | strLanguage | strMobileDevice | strModel | strOperatingSystem | strPassword | strRepassword |
| Juan David | Gutierrez Rodriguez | juanprueba26@gmail.com | May | 29 | 2000 | bogota | 110111 | Colombia | Windows | 11 | spanish | samsung | galaxy s9 | android 10 | Juandavid29 | Juandavid29 | [Juan join today [Juan clicks on Boton para iniciar el registro, Juan enters 'Juan David' into Campo para diligenciar primer nombre, Juan enters 'Gutierrez Rodriguez' into Campo para diligenciar apellido, Juan enters 'juanprueba26@gmail.com' into Campo para diligenciar email, Juan select May on Seleccionar el mes, Juan select 29 on Seleccionar el dia, Juan select 2000 on Seleccionar el aÃ±o, Juan clicks on Boton para seguir el registro parte 1, Juan enters 'bogota' into Campo para diligenciar ciudad, Juan types 'ARROW_DOWN' in Campo para diligenciar ciudad, Juan enters '110111' into Campo para dilegincar codigo postal, Juan enters '110111' into Campo para dilegincar codigo postal, Juan clicks on Seleccionar el pais, Juan enters 'Colombia' into Buscar pais, Juan types 'ARROW_UP' in Buscar pais, Juan clicks on Boton para seguir registro parte 2, Juan clicks on Seleccionar el computador, Juan enters 'Windows' into Busca el computador, Juan types 'ENTER' in Busca el computador, Juan clicks on Seleccion la version, Juan enters '11' into Busca la version, Juan types 'ENTER' in Busca la version, Juan clicks on Selecciona lenguaje, Juan enters 'spanish' into Busca lenguaje, Juan types 'ENTER' in Busca lenguaje, Juan clicks on Selecciona dispositivo, Juan enters 'samsung' into Busca dispositivo, Juan types 'ENTER' in Busca dispositivo, Juan clicks on Selecciona modelo, Juan enters 'galaxy s9' into Busca el modelo, Juan types 'ENTER' in Busca el modelo]]
[Test worker] WARN net.thucydides.core.steps.BaseStepListener - stepStarted: net.thucydides.core.steps.ExecutedStepDescription@1d8b83ce
[Test worker] WARN net.thucydides.core.steps.BaseStepListener - stepFinished: current outcome:Registrarse la pagina uTest:Given Dado que Juan quiere probar su codigo automatizacion abrimos la pagina Utest.com [Juan open up [Juan opens the Utest page]], When Cuando abre el formulario registro, se llenan todos los campos
| strFirtsName | strLastName | strEmail | strMoth | strDay | strYear | strCity | strZip | strCountry | strComputer | strVersion | strLanguage | strMobileDevice | strModel | strOperatingSystem | strPassword | strRepassword |
| Juan David | Gutierrez Rodriguez | juanprueba26@gmail.com | May | 29 | 2000 | bogota | 110111 | Colombia | Windows | 11 | spanish | samsung | galaxy s9 | android 10 | Juandavid29 | Juandavid29 | [Juan join today [Juan clicks on Boton para iniciar el registro, Juan enters 'Juan David' into Campo para diligenciar primer nombre, Juan enters 'Gutierrez Rodriguez' into Campo para diligenciar apellido, Juan enters 'juanprueba26@gmail.com' into Campo para diligenciar email, Juan select May on Seleccionar el mes, Juan select 29 on Seleccionar el dia, Juan select 2000 on Seleccionar el aÃ±o, Juan clicks on Boton para seguir el registro parte 1, Juan enters 'bogota' into Campo para diligenciar ciudad, Juan types 'ARROW_DOWN' in Campo para diligenciar ciudad, Juan enters '110111' into Campo para dilegincar codigo postal, Juan enters '110111' into Campo para dilegincar codigo postal, Juan clicks on Seleccionar el pais, Juan enters 'Colombia' into Buscar pais, Juan types 'ARROW_UP' in Buscar pais, Juan clicks on Boton para seguir registro parte 2, Juan clicks on Seleccionar el computador, Juan enters 'Windows' into Busca el computador, Juan types 'ENTER' in Busca el computador, Juan clicks on Seleccion la version, Juan enters '11' into Busca la version, Juan types 'ENTER' in Busca la version, Juan clicks on Selecciona lenguaje, Juan enters 'spanish' into Busca lenguaje, Juan types 'ENTER' in Busca lenguaje, Juan clicks on Selecciona dispositivo, Juan enters 'samsung' into Busca dispositivo, Juan types 'ENTER' in Busca dispositivo, Juan clicks on Selecciona modelo, Juan enters 'galaxy s9' into Busca el modelo, Juan types 'ENTER' in Busca el modelo, Juan clicks on Seleccion sistema operativo]]
[Test worker] WARN net.thucydides.core.steps.BaseStepListener - stepStarted: net.thucydides.core.steps.ExecutedStepDescription@629272ea
[Test worker] WARN net.thucydides.core.steps.BaseStepListener - stepFinished: current outcome:Registrarse la pagina uTest:Given Dado que Juan quiere probar su codigo automatizacion abrimos la pagina Utest.com [Juan open up [Juan opens the Utest page]], When Cuando abre el formulario registro, se llenan todos los campos
| strFirtsName | strLastName | strEmail | strMoth | strDay | strYear | strCity | strZip | strCountry | strComputer | strVersion | strLanguage | strMobileDevice | strModel | strOperatingSystem | strPassword | strRepassword |
| Juan David | Gutierrez Rodriguez | juanprueba26@gmail.com | May | 29 | 2000 | bogota | 110111 | Colombia | Windows | 11 | spanish | samsung | galaxy s9 | android 10 | Juandavid29 | Juandavid29 | [Juan join today [Juan clicks on Boton para iniciar el registro, Juan enters 'Juan David' into Campo para diligenciar primer nombre, Juan enters 'Gutierrez Rodriguez' into Campo para diligenciar apellido, Juan enters 'juanprueba26@gmail.com' into Campo para diligenciar email, Juan select May on Seleccionar el mes, Juan select 29 on Seleccionar el dia, Juan select 2000 on Seleccionar el aÃ±o, Juan clicks on Boton para seguir el registro parte 1, Juan enters 'bogota' into Campo para diligenciar ciudad, Juan types 'ARROW_DOWN' in Campo para diligenciar ciudad, Juan enters '110111' into Campo para dilegincar codigo postal, Juan enters '110111' into Campo para dilegincar codigo postal, Juan clicks on Seleccionar el pais, Juan enters 'Colombia' into Buscar pais, Juan types 'ARROW_UP' in Buscar pais, Juan clicks on Boton para seguir registro parte 2, Juan clicks on Seleccionar el computador, Juan enters 'Windows' into Busca el computador, Juan types 'ENTER' in Busca el computador, Juan clicks on Seleccion la version, Juan enters '11' into Busca la version, Juan types 'ENTER' in Busca la version, Juan clicks on Selecciona lenguaje, Juan enters 'spanish' into Busca lenguaje, Juan types 'ENTER' in Busca lenguaje, Juan clicks on Selecciona dispositivo, Juan enters 'samsung' into Busca dispositivo, Juan types 'ENTER' in Busca dispositivo, Juan clicks on Selecciona modelo, Juan enters 'galaxy s9' into Busca el modelo, Juan types 'ENTER' in Busca el modelo, Juan clicks on Seleccion sistema operativo, Juan enters 'android 10' into Busca el dispositivo]]
[Test worker] WARN net.thucydides.core.steps.BaseStepListener - stepStarted: net.thucydides.core.steps.ExecutedStepDescription@6ac8fe60
[Test worker] WARN net.thucydides.core.steps.BaseStepListener - stepFinished: current outcome:Registrarse la pagina uTest:Given Dado que Juan quiere probar su codigo automatizacion abrimos la pagina Utest.com [Juan open up [Juan opens the Utest page]], When Cuando abre el formulario registro, se llenan todos los campos
| strFirtsName | strLastName | strEmail | strMoth | strDay | strYear | strCity | strZip | strCountry | strComputer | strVersion | strLanguage | strMobileDevice | strModel | strOperatingSystem | strPassword | strRepassword |
| Juan David | Gutierrez Rodriguez | juanprueba26@gmail.com | May | 29 | 2000 | bogota | 110111 | Colombia | Windows | 11 | spanish | samsung | galaxy s9 | android 10 | Juandavid29 | Juandavid29 | [Juan join today [Juan clicks on Boton para iniciar el registro, Juan enters 'Juan David' into Campo para diligenciar primer nombre, Juan enters 'Gutierrez Rodriguez' into Campo para diligenciar apellido, Juan enters 'juanprueba26@gmail.com' into Campo para diligenciar email, Juan select May on Seleccionar el mes, Juan select 29 on Seleccionar el dia, Juan select 2000 on Seleccionar el aÃ±o, Juan clicks on Boton para seguir el registro parte 1, Juan enters 'bogota' into Campo para diligenciar ciudad, Juan types 'ARROW_DOWN' in Campo para diligenciar ciudad, Juan enters '110111' into Campo para dilegincar codigo postal, Juan enters '110111' into Campo para dilegincar codigo postal, Juan clicks on Seleccionar el pais, Juan enters 'Colombia' into Buscar pais, Juan types 'ARROW_UP' in Buscar pais, Juan clicks on Boton para seguir registro parte 2, Juan clicks on Seleccionar el computador, Juan enters 'Windows' into Busca el computador, Juan types 'ENTER' in Busca el computador, Juan clicks on Seleccion la version, Juan enters '11' into Busca la version, Juan types 'ENTER' in Busca la version, Juan clicks on Selecciona lenguaje, Juan enters 'spanish' into Busca lenguaje, Juan types 'ENTER' in Busca lenguaje, Juan clicks on Selecciona dispositivo, Juan enters 'samsung' into Busca dispositivo, Juan types 'ENTER' in Busca dispositivo, Juan clicks on Selecciona modelo, Juan enters 'galaxy s9' into Busca el modelo, Juan types 'ENTER' in Busca el modelo, Juan clicks on Seleccion sistema operativo, Juan enters 'android 10' into Busca el dispositivo, Juan types 'ENTER' in Busca el dispositivo]]
[Test worker] WARN net.thucydides.core.steps.BaseStepListener - stepStarted: net.thucydides.core.steps.ExecutedStepDescription@6c4d1ce2
[Test worker] WARN net.thucydides.core.steps.BaseStepListener - stepFinished: current outcome:Registrarse la pagina uTest:Given Dado que Juan quiere probar su codigo automatizacion abrimos la pagina Utest.com [Juan open up [Juan opens the Utest page]], When Cuando abre el formulario registro, se llenan todos los campos
| strFirtsName | strLastName | strEmail | strMoth | strDay | strYear | strCity | strZip | strCountry | strComputer | strVersion | strLanguage | strMobileDevice | strModel | strOperatingSystem | strPassword | strRepassword |
| Juan David | Gutierrez Rodriguez | juanprueba26@gmail.com | May | 29 | 2000 | bogota | 110111 | Colombia | Windows | 11 | spanish | samsung | galaxy s9 | android 10 | Juandavid29 | Juandavid29 | [Juan join today [Juan clicks on Boton para iniciar el registro, Juan enters 'Juan David' into Campo para diligenciar primer nombre, Juan enters 'Gutierrez Rodriguez' into Campo para diligenciar apellido, Juan enters 'juanprueba26@gmail.com' into Campo para diligenciar email, Juan select May on Seleccionar el mes, Juan select 29 on Seleccionar el dia, Juan select 2000 on Seleccionar el aÃ±o, Juan clicks on Boton para seguir el registro parte 1, Juan enters 'bogota' into Campo para diligenciar ciudad, Juan types 'ARROW_DOWN' in Campo para diligenciar ciudad, Juan enters '110111' into Campo para dilegincar codigo postal, Juan enters '110111' into Campo para dilegincar codigo postal, Juan clicks on Seleccionar el pais, Juan enters 'Colombia' into Buscar pais, Juan types 'ARROW_UP' in Buscar pais, Juan clicks on Boton para seguir registro parte 2, Juan clicks on Seleccionar el computador, Juan enters 'Windows' into Busca el computador, Juan types 'ENTER' in Busca el computador, Juan clicks on Seleccion la version, Juan enters '11' into Busca la version, Juan types 'ENTER' in Busca la version, Juan clicks on Selecciona lenguaje, Juan enters 'spanish' into Busca lenguaje, Juan types 'ENTER' in Busca lenguaje, Juan clicks on Selecciona dispositivo, Juan enters 'samsung' into Busca dispositivo, Juan types 'ENTER' in Busca dispositivo, Juan clicks on Selecciona modelo, Juan enters 'galaxy s9' into Busca el modelo, Juan types 'ENTER' in Busca el modelo, Juan clicks on Seleccion sistema operativo, Juan enters 'android 10' into Busca el dispositivo, Juan types 'ENTER' in Busca el dispositivo, Juan clicks on Boton para seguir registro parte 3]]
[Test worker] WARN net.thucydides.core.steps.BaseStepListener - stepStarted: net.thucydides.core.steps.ExecutedStepDescription@7fbe5115
[Test worker] WARN net.thucydides.core.steps.BaseStepListener - stepFinished: current outcome:Registrarse la pagina uTest:Given Dado que Juan quiere probar su codigo automatizacion abrimos la pagina Utest.com [Juan open up [Juan opens the Utest page]], When Cuando abre el formulario registro, se llenan todos los campos
| strFirtsName | strLastName | strEmail | strMoth | strDay | strYear | strCity | strZip | strCountry | strComputer | strVersion | strLanguage | strMobileDevice | strModel | strOperatingSystem | strPassword | strRepassword |
| Juan David | Gutierrez Rodriguez | juanprueba26@gmail.com | May | 29 | 2000 | bogota | 110111 | Colombia | Windows | 11 | spanish | samsung | galaxy s9 | android 10 | Juandavid29 | Juandavid29 | [Juan join today [Juan clicks on Boton para iniciar el registro, Juan enters 'Juan David' into Campo para diligenciar primer nombre, Juan enters 'Gutierrez Rodriguez' into Campo para diligenciar apellido, Juan enters 'juanprueba26@gmail.com' into Campo para diligenciar email, Juan select May on Seleccionar el mes, Juan select 29 on Seleccionar el dia, Juan select 2000 on Seleccionar el aÃ±o, Juan clicks on Boton para seguir el registro parte 1, Juan enters 'bogota' into Campo para diligenciar ciudad, Juan types 'ARROW_DOWN' in Campo para diligenciar ciudad, Juan enters '110111' into Campo para dilegincar codigo postal, Juan enters '110111' into Campo para dilegincar codigo postal, Juan clicks on Seleccionar el pais, Juan enters 'Colombia' into Buscar pais, Juan types 'ARROW_UP' in Buscar pais, Juan clicks on Boton para seguir registro parte 2, Juan clicks on Seleccionar el computador, Juan enters 'Windows' into Busca el computador, Juan types 'ENTER' in Busca el computador, Juan clicks on Seleccion la version, Juan enters '11' into Busca la version, Juan types 'ENTER' in Busca la version, Juan clicks on Selecciona lenguaje, Juan enters 'spanish' into Busca lenguaje, Juan types 'ENTER' in Busca lenguaje, Juan clicks on Selecciona dispositivo, Juan enters 'samsung' into Busca dispositivo, Juan types 'ENTER' in Busca dispositivo, Juan clicks on Selecciona modelo, Juan enters 'galaxy s9' into Busca el modelo, Juan types 'ENTER' in Busca el modelo, Juan clicks on Seleccion sistema operativo, Juan enters 'android 10' into Busca el dispositivo, Juan types 'ENTER' in Busca el dispositivo, Juan clicks on Boton para seguir registro parte 3, Juan enters 'Juandavid29' into Campo para digitar la contraseÃ±a]]
[Test worker] WARN net.thucydides.core.steps.BaseStepListener - stepStarted: net.thucydides.core.steps.ExecutedStepDescription@36f567a
[Test worker] WARN net.thucydides.core.steps.BaseStepListener - stepFinished: current outcome:Registrarse la pagina uTest:Given Dado que Juan quiere probar su codigo automatizacion abrimos la pagina Utest.com [Juan open up [Juan opens the Utest page]], When Cuando abre el formulario registro, se llenan todos los campos
| strFirtsName | strLastName | strEmail | strMoth | strDay | strYear | strCity | strZip | strCountry | strComputer | strVersion | strLanguage | strMobileDevice | strModel | strOperatingSystem | strPassword | strRepassword |
| Juan David | Gutierrez Rodriguez | juanprueba26@gmail.com | May | 29 | 2000 | bogota | 110111 | Colombia | Windows | 11 | spanish | samsung | galaxy s9 | android 10 | Juandavid29 | Juandavid29 | [Juan join today [Juan clicks on Boton para iniciar el registro, Juan enters 'Juan David' into Campo para diligenciar primer nombre, Juan enters 'Gutierrez Rodriguez' into Campo para diligenciar apellido, Juan enters 'juanprueba26@gmail.com' into Campo para diligenciar email, Juan select May on Seleccionar el mes, Juan select 29 on Seleccionar el dia, Juan select 2000 on Seleccionar el aÃ±o, Juan clicks on Boton para seguir el registro parte 1, Juan enters 'bogota' into Campo para diligenciar ciudad, Juan types 'ARROW_DOWN' in Campo para diligenciar ciudad, Juan enters '110111' into Campo para dilegincar codigo postal, Juan enters '110111' into Campo para dilegincar codigo postal, Juan clicks on Seleccionar el pais, Juan enters 'Colombia' into Buscar pais, Juan types 'ARROW_UP' in Buscar pais, Juan clicks on Boton para seguir registro parte 2, Juan clicks on Seleccionar el computador, Juan enters 'Windows' into Busca el computador, Juan types 'ENTER' in Busca el computador, Juan clicks on Seleccion la version, Juan enters '11' into Busca la version, Juan types 'ENTER' in Busca la version, Juan clicks on Selecciona lenguaje, Juan enters 'spanish' into Busca lenguaje, Juan types 'ENTER' in Busca lenguaje, Juan clicks on Selecciona dispositivo, Juan enters 'samsung' into Busca dispositivo, Juan types 'ENTER' in Busca dispositivo, Juan clicks on Selecciona modelo, Juan enters 'galaxy s9' into Busca el modelo, Juan types 'ENTER' in Busca el modelo, Juan clicks on Seleccion sistema operativo, Juan enters 'android 10' into Busca el dispositivo, Juan types 'ENTER' in Busca el dispositivo, Juan clicks on Boton para seguir registro parte 3, Juan enters 'Juandavid29' into Campo para digitar la contraseÃ±a, Juan enters 'Juandavid29' into Campo para confirmar la contraseÃ±a]]
[Test worker] WARN net.thucydides.core.steps.BaseStepListener - stepStarted: net.thucydides.core.steps.ExecutedStepDescription@5f0d92c7
[Test worker] WARN net.thucydides.core.steps.BaseStepListener - stepFinished: current outcome:Registrarse la pagina uTest:Given Dado que Juan quiere probar su codigo automatizacion abrimos la pagina Utest.com [Juan open up [Juan opens the Utest page]], When Cuando abre el formulario registro, se llenan todos los campos
| strFirtsName | strLastName | strEmail | strMoth | strDay | strYear | strCity | strZip | strCountry | strComputer | strVersion | strLanguage | strMobileDevice | strModel | strOperatingSystem | strPassword | strRepassword |
| Juan David | Gutierrez Rodriguez | juanprueba26@gmail.com | May | 29 | 2000 | bogota | 110111 | Colombia | Windows | 11 | spanish | samsung | galaxy s9 | android 10 | Juandavid29 | Juandavid29 | [Juan join today [Juan clicks on Boton para iniciar el registro, Juan enters 'Juan David' into Campo para diligenciar primer nombre, Juan enters 'Gutierrez Rodriguez' into Campo para diligenciar apellido, Juan enters 'juanprueba26@gmail.com' into Campo para diligenciar email, Juan select May on Seleccionar el mes, Juan select 29 on Seleccionar el dia, Juan select 2000 on Seleccionar el aÃ±o, Juan clicks on Boton para seguir el registro parte 1, Juan enters 'bogota' into Campo para diligenciar ciudad, Juan types 'ARROW_DOWN' in Campo para diligenciar ciudad, Juan enters '110111' into Campo para dilegincar codigo postal, Juan enters '110111' into Campo para dilegincar codigo postal, Juan clicks on Seleccionar el pais, Juan enters 'Colombia' into Buscar pais, Juan types 'ARROW_UP' in Buscar pais, Juan clicks on Boton para seguir registro parte 2, Juan clicks on Seleccionar el computador, Juan enters 'Windows' into Busca el computador, Juan types 'ENTER' in Busca el computador, Juan clicks on Seleccion la version, Juan enters '11' into Busca la version, Juan types 'ENTER' in Busca la version, Juan clicks on Selecciona lenguaje, Juan enters 'spanish' into Busca lenguaje, Juan types 'ENTER' in Busca lenguaje, Juan clicks on Selecciona dispositivo, Juan enters 'samsung' into Busca dispositivo, Juan types 'ENTER' in Busca dispositivo, Juan clicks on Selecciona modelo, Juan enters 'galaxy s9' into Busca el modelo, Juan types 'ENTER' in Busca el modelo, Juan clicks on Seleccion sistema operativo, Juan enters 'android 10' into Busca el dispositivo, Juan types 'ENTER' in Busca el dispositivo, Juan clicks on Boton para seguir registro parte 3, Juan enters 'Juandavid29' into Campo para digitar la contraseÃ±a, Juan enters 'Juandavid29' into Campo para confirmar la contraseÃ±a, Juan clicks on Chekear si acepta stay informed]]
[Test worker] WARN net.thucydides.core.steps.BaseStepListener - stepStarted: net.thucydides.core.steps.ExecutedStepDescription@32f39712
[Test worker] WARN net.thucydides.core.steps.BaseStepListener - stepFinished: current outcome:Registrarse la pagina uTest:Given Dado que Juan quiere probar su codigo automatizacion abrimos la pagina Utest.com [Juan open up [Juan opens the Utest page]], When Cuando abre el formulario registro, se llenan todos los campos
| strFirtsName | strLastName | strEmail | strMoth | strDay | strYear | strCity | strZip | strCountry | strComputer | strVersion | strLanguage | strMobileDevice | strModel | strOperatingSystem | strPassword | strRepassword |
| Juan David | Gutierrez Rodriguez | juanprueba26@gmail.com | May | 29 | 2000 | bogota | 110111 | Colombia | Windows | 11 | spanish | samsung | galaxy s9 | android 10 | Juandavid29 | Juandavid29 | [Juan join today [Juan clicks on Boton para iniciar el registro, Juan enters 'Juan David' into Campo para diligenciar primer nombre, Juan enters 'Gutierrez Rodriguez' into Campo para diligenciar apellido, Juan enters 'juanprueba26@gmail.com' into Campo para diligenciar email, Juan select May on Seleccionar el mes, Juan select 29 on Seleccionar el dia, Juan select 2000 on Seleccionar el aÃ±o, Juan clicks on Boton para seguir el registro parte 1, Juan enters 'bogota' into Campo para diligenciar ciudad, Juan types 'ARROW_DOWN' in Campo para diligenciar ciudad, Juan enters '110111' into Campo para dilegincar codigo postal, Juan enters '110111' into Campo para dilegincar codigo postal, Juan clicks on Seleccionar el pais, Juan enters 'Colombia' into Buscar pais, Juan types 'ARROW_UP' in Buscar pais, Juan clicks on Boton para seguir registro parte 2, Juan clicks on Seleccionar el computador, Juan enters 'Windows' into Busca el computador, Juan types 'ENTER' in Busca el computador, Juan clicks on Seleccion la version, Juan enters '11' into Busca la version, Juan types 'ENTER' in Busca la version, Juan clicks on Selecciona lenguaje, Juan enters 'spanish' into Busca lenguaje, Juan types 'ENTER' in Busca lenguaje, Juan clicks on Selecciona dispositivo, Juan enters 'samsung' into Busca dispositivo, Juan types 'ENTER' in Busca dispositivo, Juan clicks on Selecciona modelo, Juan enters 'galaxy s9' into Busca el modelo, Juan types 'ENTER' in Busca el modelo, Juan clicks on Seleccion sistema operativo, Juan enters 'android 10' into Busca el dispositivo, Juan types 'ENTER' in Busca el dispositivo, Juan clicks on Boton para seguir registro parte 3, Juan enters 'Juandavid29' into Campo para digitar la contraseÃ±a, Juan enters 'Juandavid29' into Campo para confirmar la contraseÃ±a, Juan clicks on Chekear si acepta stay informed, Juan clicks on Chekear read and accept]]
[Test worker] WARN net.thucydides.core.steps.BaseStepListener - stepStarted: net.thucydides.core.steps.ExecutedStepDescription@59a04bef
[Test worker] WARN net.thucydides.core.steps.BaseStepListener - stepFinished: current outcome:Registrarse la pagina uTest:Given Dado que Juan quiere probar su codigo automatizacion abrimos la pagina Utest.com [Juan open up [Juan opens the Utest page]], When Cuando abre el formulario registro, se llenan todos los campos
| strFirtsName | strLastName | strEmail | strMoth | strDay | strYear | strCity | strZip | strCountry | strComputer | strVersion | strLanguage | strMobileDevice | strModel | strOperatingSystem | strPassword | strRepassword |
| Juan David | Gutierrez Rodriguez | juanprueba26@gmail.com | May | 29 | 2000 | bogota | 110111 | Colombia | Windows | 11 | spanish | samsung | galaxy s9 | android 10 | Juandavid29 | Juandavid29 | [Juan join today [Juan clicks on Boton para iniciar el registro, Juan enters 'Juan David' into Campo para diligenciar primer nombre, Juan enters 'Gutierrez Rodriguez' into Campo para diligenciar apellido, Juan enters 'juanprueba26@gmail.com' into Campo para diligenciar email, Juan select May on Seleccionar el mes, Juan select 29 on Seleccionar el dia, Juan select 2000 on Seleccionar el aÃ±o, Juan clicks on Boton para seguir el registro parte 1, Juan enters 'bogota' into Campo para diligenciar ciudad, Juan types 'ARROW_DOWN' in Campo para diligenciar ciudad, Juan enters '110111' into Campo para dilegincar codigo postal, Juan enters '110111' into Campo para dilegincar codigo postal, Juan clicks on Seleccionar el pais, Juan enters 'Colombia' into Buscar pais, Juan types 'ARROW_UP' in Buscar pais, Juan clicks on Boton para seguir registro parte 2, Juan clicks on Seleccionar el computador, Juan enters 'Windows' into Busca el computador, Juan types 'ENTER' in Busca el computador, Juan clicks on Seleccion la version, Juan enters '11' into Busca la version, Juan types 'ENTER' in Busca la version, Juan clicks on Selecciona lenguaje, Juan enters 'spanish' into Busca lenguaje, Juan types 'ENTER' in Busca lenguaje, Juan clicks on Selecciona dispositivo, Juan enters 'samsung' into Busca dispositivo, Juan types 'ENTER' in Busca dispositivo, Juan clicks on Selecciona modelo, Juan enters 'galaxy s9' into Busca el modelo, Juan types 'ENTER' in Busca el modelo, Juan clicks on Seleccion sistema operativo, Juan enters 'android 10' into Busca el dispositivo, Juan types 'ENTER' in Busca el dispositivo, Juan clicks on Boton para seguir registro parte 3, Juan enters 'Juandavid29' into Campo para digitar la contraseÃ±a, Juan enters 'Juandavid29' into Campo para confirmar la contraseÃ±a, Juan clicks on Chekear si acepta stay informed, Juan clicks on Chekear read and accept, Juan clicks on Chekear privacy & security]]
[Test worker] WARN net.thucydides.core.steps.BaseStepListener - stepStarted: net.thucydides.core.steps.ExecutedStepDescription@617aca8e
[Test worker] WARN net.thucydides.core.steps.BaseStepListener - stepFinished: current outcome:Registrarse la pagina uTest:Given Dado que Juan quiere probar su codigo automatizacion abrimos la pagina Utest.com [Juan open up [Juan opens the Utest page]], When Cuando abre el formulario registro, se llenan todos los campos
| strFirtsName | strLastName | strEmail | strMoth | strDay | strYear | strCity | strZip | strCountry | strComputer | strVersion | strLanguage | strMobileDevice | strModel | strOperatingSystem | strPassword | strRepassword |
| Juan David | Gutierrez Rodriguez | juanprueba26@gmail.com | May | 29 | 2000 | bogota | 110111 | Colombia | Windows | 11 | spanish | samsung | galaxy s9 | android 10 | Juandavid29 | Juandavid29 | [Juan join today [Juan clicks on Boton para iniciar el registro, Juan enters 'Juan David' into Campo para diligenciar primer nombre, Juan enters 'Gutierrez Rodriguez' into Campo para diligenciar apellido, Juan enters 'juanprueba26@gmail.com' into Campo para diligenciar email, Juan select May on Seleccionar el mes, Juan select 29 on Seleccionar el dia, Juan select 2000 on Seleccionar el aÃ±o, Juan clicks on Boton para seguir el registro parte 1, Juan enters 'bogota' into Campo para diligenciar ciudad, Juan types 'ARROW_DOWN' in Campo para diligenciar ciudad, Juan enters '110111' into Campo para dilegincar codigo postal, Juan enters '110111' into Campo para dilegincar codigo postal, Juan clicks on Seleccionar el pais, Juan enters 'Colombia' into Buscar pais, Juan types 'ARROW_UP' in Buscar pais, Juan clicks on Boton para seguir registro parte 2, Juan clicks on Seleccionar el computador, Juan enters 'Windows' into Busca el computador, Juan types 'ENTER' in Busca el computador, Juan clicks on Seleccion la version, Juan enters '11' into Busca la version, Juan types 'ENTER' in Busca la version, Juan clicks on Selecciona lenguaje, Juan enters 'spanish' into Busca lenguaje, Juan types 'ENTER' in Busca lenguaje, Juan clicks on Selecciona dispositivo, Juan enters 'samsung' into Busca dispositivo, Juan types 'ENTER' in Busca dispositivo, Juan clicks on Selecciona modelo, Juan enters 'galaxy s9' into Busca el modelo, Juan types 'ENTER' in Busca el modelo, Juan clicks on Seleccion sistema operativo, Juan enters 'android 10' into Busca el dispositivo, Juan types 'ENTER' in Busca el dispositivo, Juan clicks on Boton para seguir registro parte 3, Juan enters 'Juandavid29' into Campo para digitar la contraseÃ±a, Juan enters 'Juandavid29' into Campo para confirmar la contraseÃ±a, Juan clicks on Chekear si acepta stay informed, Juan clicks on Chekear read and accept, Juan clicks on Chekear privacy & security, Juan clicks on Boton para terminar el registro]]
[Test worker] WARN net.thucydides.core.steps.BaseStepListener - stepFinished: current outcome:Registrarse la pagina uTest:Given Dado que Juan quiere probar su codigo automatizacion abrimos la pagina Utest.com [Juan open up [Juan opens the Utest page]], When Cuando abre el formulario registro, se llenan todos los campos
| strFirtsName | strLastName | strEmail | strMoth | strDay | strYear | strCity | strZip | strCountry | strComputer | strVersion | strLanguage | strMobileDevice | strModel | strOperatingSystem | strPassword | strRepassword |
| Juan David | Gutierrez Rodriguez | juanprueba26@gmail.com | May | 29 | 2000 | bogota | 110111 | Colombia | Windows | 11 | spanish | samsung | galaxy s9 | android 10 | Juandavid29 | Juandavid29 | [Juan join today [Juan clicks on Boton para iniciar el registro, Juan enters 'Juan David' into Campo para diligenciar primer nombre, Juan enters 'Gutierrez Rodriguez' into Campo para diligenciar apellido, Juan enters 'juanprueba26@gmail.com' into Campo para diligenciar email, Juan select May on Seleccionar el mes, Juan select 29 on Seleccionar el dia, Juan select 2000 on Seleccionar el aÃ±o, Juan clicks on Boton para seguir el registro parte 1, Juan enters 'bogota' into Campo para diligenciar ciudad, Juan types 'ARROW_DOWN' in Campo para diligenciar ciudad, Juan enters '110111' into Campo para dilegincar codigo postal, Juan enters '110111' into Campo para dilegincar codigo postal, Juan clicks on Seleccionar el pais, Juan enters 'Colombia' into Buscar pais, Juan types 'ARROW_UP' in Buscar pais, Juan clicks on Boton para seguir registro parte 2, Juan clicks on Seleccionar el computador, Juan enters 'Windows' into Busca el computador, Juan types 'ENTER' in Busca el computador, Juan clicks on Seleccion la version, Juan enters '11' into Busca la version, Juan types 'ENTER' in Busca la version, Juan clicks on Selecciona lenguaje, Juan enters 'spanish' into Busca lenguaje, Juan types 'ENTER' in Busca lenguaje, Juan clicks on Selecciona dispositivo, Juan enters 'samsung' into Busca dispositivo, Juan types 'ENTER' in Busca dispositivo, Juan clicks on Selecciona modelo, Juan enters 'galaxy s9' into Busca el modelo, Juan types 'ENTER' in Busca el modelo, Juan clicks on Seleccion sistema operativo, Juan enters 'android 10' into Busca el dispositivo, Juan types 'ENTER' in Busca el dispositivo, Juan clicks on Boton para seguir registro parte 3, Juan enters 'Juandavid29' into Campo para digitar la contraseÃ±a, Juan enters 'Juandavid29' into Campo para confirmar la contraseÃ±a, Juan clicks on Chekear si acepta stay informed, Juan clicks on Chekear read and accept, Juan clicks on Chekear privacy & security, Juan clicks on Boton para terminar el registro]]
[Test worker] WARN net.thucydides.core.steps.BaseStepListener - stepFinished: current outcome:Registrarse la pagina uTest:Given Dado que Juan quiere probar su codigo automatizacion abrimos la pagina Utest.com [Juan open up [Juan opens the Utest page]], When Cuando abre el formulario registro, se llenan todos los campos
| strFirtsName | strLastName | strEmail | strMoth | strDay | strYear | strCity | strZip | strCountry | strComputer | strVersion | strLanguage | strMobileDevice | strModel | strOperatingSystem | strPassword | strRepassword |
| Juan David | Gutierrez Rodriguez | juanprueba26@gmail.com | May | 29 | 2000 | bogota | 110111 | Colombia | Windows | 11 | spanish | samsung | galaxy s9 | android 10 | Juandavid29 | Juandavid29 | [Juan join today [Juan clicks on Boton para iniciar el registro, Juan enters 'Juan David' into Campo para diligenciar primer nombre, Juan enters 'Gutierrez Rodriguez' into Campo para diligenciar apellido, Juan enters 'juanprueba26@gmail.com' into Campo para diligenciar email, Juan select May on Seleccionar el mes, Juan select 29 on Seleccionar el dia, Juan select 2000 on Seleccionar el aÃ±o, Juan clicks on Boton para seguir el registro parte 1, Juan enters 'bogota' into Campo para diligenciar ciudad, Juan types 'ARROW_DOWN' in Campo para diligenciar ciudad, Juan enters '110111' into Campo para dilegincar codigo postal, Juan enters '110111' into Campo para dilegincar codigo postal, Juan clicks on Seleccionar el pais, Juan enters 'Colombia' into Buscar pais, Juan types 'ARROW_UP' in Buscar pais, Juan clicks on Boton para seguir registro parte 2, Juan clicks on Seleccionar el computador, Juan enters 'Windows' into Busca el computador, Juan types 'ENTER' in Busca el computador, Juan clicks on Seleccion la version, Juan enters '11' into Busca la version, Juan types 'ENTER' in Busca la version, Juan clicks on Selecciona lenguaje, Juan enters 'spanish' into Busca lenguaje, Juan types 'ENTER' in Busca lenguaje, Juan clicks on Selecciona dispositivo, Juan enters 'samsung' into Busca dispositivo, Juan types 'ENTER' in Busca dispositivo, Juan clicks on Selecciona modelo, Juan enters 'galaxy s9' into Busca el modelo, Juan types 'ENTER' in Busca el modelo, Juan clicks on Seleccion sistema operativo, Juan enters 'android 10' into Busca el dispositivo, Juan types 'ENTER' in Busca el dispositivo, Juan clicks on Boton para seguir registro parte 3, Juan enters 'Juandavid29' into Campo para digitar la contraseÃ±a, Juan enters 'Juandavid29' into Campo para confirmar la contraseÃ±a, Juan clicks on Chekear si acepta stay informed, Juan clicks on Chekear read and accept, Juan clicks on Chekear privacy & security, Juan clicks on Boton para terminar el registro]]
[Test worker] WARN net.thucydides.core.steps.BaseStepListener - stepStarted: net.thucydides.core.steps.ExecutedStepDescription@3ac49628
[Test worker] WARN net.thucydides.core.steps.BaseStepListener - stepStarted: net.thucydides.core.steps.ExecutedStepDescription@1cb2a065
[Test worker] WARN net.thucydides.core.steps.BaseStepListener - stepFinished: current outcome:Registrarse la pagina uTest:Given Dado que Juan quiere probar su codigo automatizacion abrimos la pagina Utest.com [Juan open up [Juan opens the Utest page]], When Cuando abre el formulario registro, se llenan todos los campos
| strFirtsName | strLastName | strEmail | strMoth | strDay | strYear | strCity | strZip | strCountry | strComputer | strVersion | strLanguage | strMobileDevice | strModel | strOperatingSystem | strPassword | strRepassword |
| Juan David | Gutierrez Rodriguez | juanprueba26@gmail.com | May | 29 | 2000 | bogota | 110111 | Colombia | Windows | 11 | spanish | samsung | galaxy s9 | android 10 | Juandavid29 | Juandavid29 | [Juan join today [Juan clicks on Boton para iniciar el registro, Juan enters 'Juan David' into Campo para diligenciar primer nombre, Juan enters 'Gutierrez Rodriguez' into Campo para diligenciar apellido, Juan enters 'juanprueba26@gmail.com' into Campo para diligenciar email, Juan select May on Seleccionar el mes, Juan select 29 on Seleccionar el dia, Juan select 2000 on Seleccionar el aÃ±o, Juan clicks on Boton para seguir el registro parte 1, Juan enters 'bogota' into Campo para diligenciar ciudad, Juan types 'ARROW_DOWN' in Campo para diligenciar ciudad, Juan enters '110111' into Campo para dilegincar codigo postal, Juan enters '110111' into Campo para dilegincar codigo postal, Juan clicks on Seleccionar el pais, Juan enters 'Colombia' into Buscar pais, Juan types 'ARROW_UP' in Buscar pais, Juan clicks on Boton para seguir registro parte 2, Juan clicks on Seleccionar el computador, Juan enters 'Windows' into Busca el computador, Juan types 'ENTER' in Busca el computador, Juan clicks on Seleccion la version, Juan enters '11' into Busca la version, Juan types 'ENTER' in Busca la version, Juan clicks on Selecciona lenguaje, Juan enters 'spanish' into Busca lenguaje, Juan types 'ENTER' in Busca lenguaje, Juan clicks on Selecciona dispositivo, Juan enters 'samsung' into Busca dispositivo, Juan types 'ENTER' in Busca dispositivo, Juan clicks on Selecciona modelo, Juan enters 'galaxy s9' into Busca el modelo, Juan types 'ENTER' in Busca el modelo, Juan clicks on Seleccion sistema operativo, Juan enters 'android 10' into Busca el dispositivo, Juan types 'ENTER' in Busca el dispositivo, Juan clicks on Boton para seguir registro parte 3, Juan enters 'Juandavid29' into Campo para digitar la contraseÃ±a, Juan enters 'Juandavid29' into Campo para confirmar la contraseÃ±a, Juan clicks on Chekear si acepta stay informed, Juan clicks on Chekear read and accept, Juan clicks on Chekear privacy & security, Juan clicks on Boton para terminar el registro]], Then Luego se registra correctamente el usuario encuentra el mensaje
| question |
| Welcome to the world's largest community of freelance software testers! | [Then answer]
[Test worker] WARN net.thucydides.core.steps.BaseStepListener - stepFinished: current outcome:Registrarse la pagina uTest:Given Dado que Juan quiere probar su codigo automatizacion abrimos la pagina Utest.com [Juan open up [Juan opens the Utest page]], When Cuando abre el formulario registro, se llenan todos los campos
| strFirtsName | strLastName | strEmail | strMoth | strDay | strYear | strCity | strZip | strCountry | strComputer | strVersion | strLanguage | strMobileDevice | strModel | strOperatingSystem | strPassword | strRepassword |
| Juan David | Gutierrez Rodriguez | juanprueba26@gmail.com | May | 29 | 2000 | bogota | 110111 | Colombia | Windows | 11 | spanish | samsung | galaxy s9 | android 10 | Juandavid29 | Juandavid29 | [Juan join today [Juan clicks on Boton para iniciar el registro, Juan enters 'Juan David' into Campo para diligenciar primer nombre, Juan enters 'Gutierrez Rodriguez' into Campo para diligenciar apellido, Juan enters 'juanprueba26@gmail.com' into Campo para diligenciar email, Juan select May on Seleccionar el mes, Juan select 29 on Seleccionar el dia, Juan select 2000 on Seleccionar el aÃ±o, Juan clicks on Boton para seguir el registro parte 1, Juan enters 'bogota' into Campo para diligenciar ciudad, Juan types 'ARROW_DOWN' in Campo para diligenciar ciudad, Juan enters '110111' into Campo para dilegincar codigo postal, Juan enters '110111' into Campo para dilegincar codigo postal, Juan clicks on Seleccionar el pais, Juan enters 'Colombia' into Buscar pais, Juan types 'ARROW_UP' in Buscar pais, Juan clicks on Boton para seguir registro parte 2, Juan clicks on Seleccionar el computador, Juan enters 'Windows' into Busca el computador, Juan types 'ENTER' in Busca el computador, Juan clicks on Seleccion la version, Juan enters '11' into Busca la version, Juan types 'ENTER' in Busca la version, Juan clicks on Selecciona lenguaje, Juan enters 'spanish' into Busca lenguaje, Juan types 'ENTER' in Busca lenguaje, Juan clicks on Selecciona dispositivo, Juan enters 'samsung' into Busca dispositivo, Juan types 'ENTER' in Busca dispositivo, Juan clicks on Selecciona modelo, Juan enters 'galaxy s9' into Busca el modelo, Juan types 'ENTER' in Busca el modelo, Juan clicks on Seleccion sistema operativo, Juan enters 'android 10' into Busca el dispositivo, Juan types 'ENTER' in Busca el dispositivo, Juan clicks on Boton para seguir registro parte 3, Juan enters 'Juandavid29' into Campo para digitar la contraseÃ±a, Juan enters 'Juandavid29' into Campo para confirmar la contraseÃ±a, Juan clicks on Chekear si acepta stay informed, Juan clicks on Chekear read and accept, Juan clicks on Chekear privacy & security, Juan clicks on Boton para terminar el registro]], Then Luego se registra correctamente el usuario encuentra el mensaje
| question |
| Welcome to the world's largest community of freelance software testers! | [Then answer]
[Test worker] WARN net.thucydides.core.steps.BaseStepListener - testFinished: Registrarse la pagina uTest:Given Dado que Juan quiere probar su codigo automatizacion abrimos la pagina Utest.com [Juan open up [Juan opens the Utest page]], When Cuando abre el formulario registro, se llenan todos los campos
| strFirtsName | strLastName | strEmail | strMoth | strDay | strYear | strCity | strZip | strCountry | strComputer | strVersion | strLanguage | strMobileDevice | strModel | strOperatingSystem | strPassword | strRepassword |
| Juan David | Gutierrez Rodriguez | juanprueba26@gmail.com | May | 29 | 2000 | bogota | 110111 | Colombia | Windows | 11 | spanish | samsung | galaxy s9 | android 10 | Juandavid29 | Juandavid29 | [Juan join today [Juan clicks on Boton para iniciar el registro, Juan enters 'Juan David' into Campo para diligenciar primer nombre, Juan enters 'Gutierrez Rodriguez' into Campo para diligenciar apellido, Juan enters 'juanprueba26@gmail.com' into Campo para diligenciar email, Juan select May on Seleccionar el mes, Juan select 29 on Seleccionar el dia, Juan select 2000 on Seleccionar el aÃ±o, Juan clicks on Boton para seguir el registro parte 1, Juan enters 'bogota' into Campo para diligenciar ciudad, Juan types 'ARROW_DOWN' in Campo para diligenciar ciudad, Juan enters '110111' into Campo para dilegincar codigo postal, Juan enters '110111' into Campo para dilegincar codigo postal, Juan clicks on Seleccionar el pais, Juan enters 'Colombia' into Buscar pais, Juan types 'ARROW_UP' in Buscar pais, Juan clicks on Boton para seguir registro parte 2, Juan clicks on Seleccionar el computador, Juan enters 'Windows' into Busca el computador, Juan types 'ENTER' in Busca el computador, Juan clicks on Seleccion la version, Juan enters '11' into Busca la version, Juan types 'ENTER' in Busca la version, Juan clicks on Selecciona lenguaje, Juan enters 'spanish' into Busca lenguaje, Juan types 'ENTER' in Busca lenguaje, Juan clicks on Selecciona dispositivo, Juan enters 'samsung' into Busca dispositivo, Juan types 'ENTER' in Busca dispositivo, Juan clicks on Selecciona modelo, Juan enters 'galaxy s9' into Busca el modelo, Juan types 'ENTER' in Busca el modelo, Juan clicks on Seleccion sistema operativo, Juan enters 'android 10' into Busca el dispositivo, Juan types 'ENTER' in Busca el dispositivo, Juan clicks on Boton para seguir registro parte 3, Juan enters 'Juandavid29' into Campo para digitar la contraseÃ±a, Juan enters 'Juandavid29' into Campo para confirmar la contraseÃ±a, Juan clicks on Chekear si acepta stay informed, Juan clicks on Chekear read and accept, Juan clicks on Chekear privacy & security, Juan clicks on Boton para terminar el registro]], Then Luego se registra correctamente el usuario encuentra el mensaje
| question |
| Welcome to the world's largest community of freelance software testers! | [Then answer]
[Test worker] WARN net.thucydides.core.steps.BaseStepListener - TestOutcomes: [Registrarse la pagina uTest:Given Dado que Juan quiere probar su codigo automatizacion abrimos la pagina Utest.com [Juan open up [Juan opens the Utest page]], When Cuando abre el formulario registro, se llenan todos los campos
| strFirtsName | strLastName | strEmail | strMoth | strDay | strYear | strCity | strZip | strCountry | strComputer | strVersion | strLanguage | strMobileDevice | strModel | strOperatingSystem | strPassword | strRepassword |
| Juan David | Gutierrez Rodriguez | juanprueba26@gmail.com | May | 29 | 2000 | bogota | 110111 | Colombia | Windows | 11 | spanish | samsung | galaxy s9 | android 10 | Juandavid29 | Juandavid29 | [Juan join today [Juan clicks on Boton para iniciar el registro, Juan enters 'Juan David' into Campo para diligenciar primer nombre, Juan enters 'Gutierrez Rodriguez' into Campo para diligenciar apellido, Juan enters 'juanprueba26@gmail.com' into Campo para diligenciar email, Juan select May on Seleccionar el mes, Juan select 29 on Seleccionar el dia, Juan select 2000 on Seleccionar el aÃ±o, Juan clicks on Boton para seguir el registro parte 1, Juan enters 'bogota' into Campo para diligenciar ciudad, Juan types 'ARROW_DOWN' in Campo para diligenciar ciudad, Juan enters '110111' into Campo para dilegincar codigo postal, Juan enters '110111' into Campo para dilegincar codigo postal, Juan clicks on Seleccionar el pais, Juan enters 'Colombia' into Buscar pais, Juan types 'ARROW_UP' in Buscar pais, Juan clicks on Boton para seguir registro parte 2, Juan clicks on Seleccionar el computador, Juan enters 'Windows' into Busca el computador, Juan types 'ENTER' in Busca el computador, Juan clicks on Seleccion la version, Juan enters '11' into Busca la version, Juan types 'ENTER' in Busca la version, Juan clicks on Selecciona lenguaje, Juan enters 'spanish' into Busca lenguaje, Juan types 'ENTER' in Busca lenguaje, Juan clicks on Selecciona dispositivo, Juan enters 'samsung' into Busca dispositivo, Juan types 'ENTER' in Busca dispositivo, Juan clicks on Selecciona modelo, Juan enters 'galaxy s9' into Busca el modelo, Juan types 'ENTER' in Busca el modelo, Juan clicks on Seleccion sistema operativo, Juan enters 'android 10' into Busca el dispositivo, Juan types 'ENTER' in Busca el dispositivo, Juan clicks on Boton para seguir registro parte 3, Juan enters 'Juandavid29' into Campo para digitar la contraseÃ±a, Juan enters 'Juandavid29' into Campo para confirmar la contraseÃ±a, Juan clicks on Chekear si acepta stay informed, Juan clicks on Chekear read and accept, Juan clicks on Chekear privacy & security, Juan clicks on Boton para terminar el registro]], Then Luego se registra correctamente el usuario encuentra el mensaje
| question |
| Welcome to the world's largest community of freelance software testers! | [Then answer]]
[Test worker] WARN net.thucydides.core.steps.BaseStepListener - Final testOutcomes: [Registrarse la pagina uTest:Given Dado que Juan quiere probar su codigo automatizacion abrimos la pagina Utest.com [Juan open up [Juan opens the Utest page]], When Cuando abre el formulario registro, se llenan todos los campos
| strFirtsName | strLastName | strEmail | strMoth | strDay | strYear | strCity | strZip | strCountry | strComputer | strVersion | strLanguage | strMobileDevice | strModel | strOperatingSystem | strPassword | strRepassword |
| Juan David | Gutierrez Rodriguez | juanprueba26@gmail.com | May | 29 | 2000 | bogota | 110111 | Colombia | Windows | 11 | spanish | samsung | galaxy s9 | android 10 | Juandavid29 | Juandavid29 | [Juan join today [Juan clicks on Boton para iniciar el registro, Juan enters 'Juan David' into Campo para diligenciar primer nombre, Juan enters 'Gutierrez Rodriguez' into Campo para diligenciar apellido, Juan enters 'juanprueba26@gmail.com' into Campo para diligenciar email, Juan select May on Seleccionar el mes, Juan select 29 on Seleccionar el dia, Juan select 2000 on Seleccionar el aÃ±o, Juan clicks on Boton para seguir el registro parte 1, Juan enters 'bogota' into Campo para diligenciar ciudad, Juan types 'ARROW_DOWN' in Campo para diligenciar ciudad, Juan enters '110111' into Campo para dilegincar codigo postal, Juan enters '110111' into Campo para dilegincar codigo postal, Juan clicks on Seleccionar el pais, Juan enters 'Colombia' into Buscar pais, Juan types 'ARROW_UP' in Buscar pais, Juan clicks on Boton para seguir registro parte 2, Juan clicks on Seleccionar el computador, Juan enters 'Windows' into Busca el computador, Juan types 'ENTER' in Busca el computador, Juan clicks on Seleccion la version, Juan enters '11' into Busca la version, Juan types 'ENTER' in Busca la version, Juan clicks on Selecciona lenguaje, Juan enters 'spanish' into Busca lenguaje, Juan types 'ENTER' in Busca lenguaje, Juan clicks on Selecciona dispositivo, Juan enters 'samsung' into Busca dispositivo, Juan types 'ENTER' in Busca dispositivo, Juan clicks on Selecciona modelo, Juan enters 'galaxy s9' into Busca el modelo, Juan types 'ENTER' in Busca el modelo, Juan clicks on Seleccion sistema operativo, Juan enters 'android 10' into Busca el dispositivo, Juan types 'ENTER' in Busca el dispositivo, Juan clicks on Boton para seguir registro parte 3, Juan enters 'Juandavid29' into Campo para digitar la contraseÃ±a, Juan enters 'Juandavid29' into Campo para confirmar la contraseÃ±a, Juan clicks on Chekear si acepta stay informed, Juan clicks on Chekear read and accept, Juan clicks on Chekear privacy & security, Juan clicks on Boton para terminar el registro]], Then Luego se registra correctamente el usuario encuentra el mensaje
| question |
| Welcome to the world's largest community of freelance software testers! | [Then answer]]
[Test worker] INFO net.thucydides.core.steps.ConsoleLoggingListener - 
        __    _____ _____ ____ _____   ____   _    ____  ____  _____ ____  
  _     \ \  |_   _| ____/ ___|_   _| |  _ \ / \  / ___|/ ___|| ____|  _ \ 
 (_)_____| |   | | |  _| \___ \ | |   | |_) / _ \ \___ \\___ \|  _| | | | |
  _|_____| |   | | | |___ ___) || |   |  __/ ___ \ ___) |___) | |___| |_| |
 (_)     | |   |_| |_____|____/ |_|   |_| /_/   \_\____/|____/|_____|____/ 
        /_/                                                                

TEST PASSED: Registrarse la pagina uTest
----------------------------------------------------------------------------
]]></system-err>
</testsuite>
